#
# There is insufficient memory for the Java Runtime Environment to continue.
# Native memory allocation (malloc) failed to allocate 45088768 bytes for committing reserved memory.
# Possible reasons:
#   The system is out of physical RAM or swap space
#   In 32 bit mode, the process size limit was hit
# Possible solutions:
#   Reduce memory load on the system
#   Increase physical memory or swap space
#   Check if swap backing store is full
#   Use 64 bit Java on a 64 bit OS
#   Decrease Java heap size (-Xmx/-Xms)
#   Decrease number of Java threads
#   Decrease Java thread stack sizes (-Xss)
#   Set larger code cache with -XX:ReservedCodeCacheSize=
# This output file may be truncated or incomplete.
#
#  Out of Memory Error (os_linux.cpp:2745), pid=20387, tid=140418591319808
#
# JRE version: Java(TM) SE Runtime Environment (7.0_65-b17) (build 1.7.0_65-b17)
# Java VM: Java HotSpot(TM) 64-Bit Server VM (24.65-b04 mixed mode linux-amd64 compressed oops)
# Failed to write core dump. Core dumps have been disabled. To enable core dumping, try "ulimit -c unlimited" before starting Java again
#

---------------  T H R E A D  ---------------

Current thread (0x00007fb5bc066000):  VMThread [stack: 0x00007fb5c0316000,0x00007fb5c0417000] [id=20394]

Stack: [0x00007fb5c0316000,0x00007fb5c0417000],  sp=0x00007fb5c04152c0,  free space=1020k
Native frames: (J=compiled Java code, j=interpreted, Vv=VM code, C=native code)
V  [libjvm.so+0x99eb8a]  VMError::report_and_die()+0x2ea
V  [libjvm.so+0x49721b]  report_vm_out_of_memory(char const*, int, unsigned long, char const*)+0x9b
V  [libjvm.so+0x81d9ae]  os::Linux::commit_memory_impl(char*, unsigned long, bool)+0xfe
V  [libjvm.so+0x81def9]  os::pd_commit_memory(char*, unsigned long, unsigned long, bool)+0x29
V  [libjvm.so+0x817caa]  os::commit_memory(char*, unsigned long, unsigned long, bool)+0x2a
V  [libjvm.so+0x88a7a3]  PSVirtualSpace::expand_by(unsigned long)+0x53
V  [libjvm.so+0x88bb78]  PSYoungGen::resize_generation(unsigned long, unsigned long)+0xf8
V  [libjvm.so+0x88ace2]  PSYoungGen::resize(unsigned long, unsigned long)+0x22
V  [libjvm.so+0x888133]  PSScavenge::invoke_no_policy()+0xfb3
V  [libjvm.so+0x8888e1]  PSScavenge::invoke()+0x41
V  [libjvm.so+0x83f510]  ParallelScavengeHeap::failed_mem_allocate(unsigned long)+0x70
V  [libjvm.so+0x9a0417]  VM_ParallelGCFailedAllocation::doit()+0x97
V  [libjvm.so+0x9a78b5]  VM_Operation::evaluate()+0x55
V  [libjvm.so+0x9a5c7a]  VMThread::evaluate_operation(VM_Operation*)+0xba
V  [libjvm.so+0x9a5ffe]  VMThread::loop()+0x1ce
V  [libjvm.so+0x9a6470]  VMThread::run()+0x70
V  [libjvm.so+0x81f988]  java_start(Thread*)+0x108

VM_Operation (0x00007fb5c55f3cd0): ParallelGCFailedAllocation, mode: safepoint, requested by thread 0x00007fb5bc00a800


---------------  P R O C E S S  ---------------

Java Threads: ( => current thread )
  0x00007fb5bc092800 JavaThread "Service Thread" daemon [_thread_blocked, id=20400, stack(0x00007fb5b83ba000,0x00007fb5b84bb000)]
  0x00007fb5bc090800 JavaThread "C2 CompilerThread1" daemon [_thread_blocked, id=20399, stack(0x00007fb5b84bb000,0x00007fb5b85bc000)]
  0x00007fb5bc08d800 JavaThread "C2 CompilerThread0" daemon [_thread_blocked, id=20398, stack(0x00007fb5b85bc000,0x00007fb5b86bd000)]
  0x00007fb5bc08b800 JavaThread "Signal Dispatcher" daemon [_thread_blocked, id=20397, stack(0x00007fb5c0013000,0x00007fb5c0114000)]
  0x00007fb5bc06c000 JavaThread "Finalizer" daemon [_thread_blocked, id=20396, stack(0x00007fb5c0114000,0x00007fb5c0215000)]
  0x00007fb5bc06a000 JavaThread "Reference Handler" daemon [_thread_blocked, id=20395, stack(0x00007fb5c0215000,0x00007fb5c0316000)]
  0x00007fb5bc00a800 JavaThread "main" [_thread_blocked, id=20391, stack(0x00007fb5c54f5000,0x00007fb5c55f6000)]

Other Threads:
=>0x00007fb5bc066000 VMThread [stack: 0x00007fb5c0316000,0x00007fb5c0417000] [id=20394]
  0x00007fb5bc09d000 WatcherThread [stack: 0x00007fb5b82b9000,0x00007fb5b83ba000] [id=20401]

VM state:at safepoint (normal execution)

VM Mutex/Monitor currently owned by a thread:  ([mutex/lock_event])
[0x00007fb5bc006e80] Threads_lock - owner thread: 0x00007fb5bc066000
[0x00007fb5bc007380] Heap_lock - owner thread: 0x00007fb5bc00a800

Heap
 PSYoungGen      total 73216K, used 3552K [0x00000000f5880000, 0x00000000fa380000, 0x0000000100000000)
  eden space 69632K, 0% used [0x00000000f5880000,0x00000000f5880000,0x00000000f9c80000)
  from space 3584K, 99% used [0x00000000f9c80000,0x00000000f9ff8050,0x00000000fa000000)
  to   space 3584K, 0% used [0x00000000fa000000,0x00000000fa000000,0x00000000fa380000)
 ParOldGen       total 20992K, used 6417K [0x00000000e0a00000, 0x00000000e1e80000, 0x00000000f5880000)
  object space 20992K, 30% used [0x00000000e0a00000,0x00000000e1044448,0x00000000e1e80000)
 PSPermGen       total 21504K, used 13553K [0x00000000db800000, 0x00000000dcd00000, 0x00000000e0a00000)
  object space 21504K, 63% used [0x00000000db800000,0x00000000dc53c478,0x00000000dcd00000)

Card table byte_map: [0x00007fb5c26bd000,0x00007fb5c27e2000] byte_map_base: 0x00007fb5c1fe1000

Polling page: 0x00007fb5c5612000

Code Cache  [0x00007fb5b9000000, 0x00007fb5b9270000, 0x00007fb5bc000000)
 total_blobs=485 nmethods=221 adapters=218 free_code_cache=48162Kb largest_free_block=49285824

Compilation events (10 events):
Event: 6,647 Thread 0x00007fb5bc08d800 nmethod 220 0x00007fb5b90f3a90 code [0x00007fb5b90f3bc0, 0x00007fb5b90f3c18]
Event: 6,654 Thread 0x00007fb5bc08d800  221             com.sun.org.apache.xerces.internal.xni.QName::setValues (22 bytes)
Event: 6,655 Thread 0x00007fb5bc08d800 nmethod 221 0x00007fb5b90e7b10 code [0x00007fb5b90e7c40, 0x00007fb5b90e7cb8]
Event: 6,706 Thread 0x00007fb5bc08d800  222             com.sun.org.apache.xerces.internal.dom.DeferredDocumentImpl::createNode (46 bytes)
Event: 6,711 Thread 0x00007fb5bc08d800 nmethod 222 0x00007fb5b90f0f90 code [0x00007fb5b90f1100, 0x00007fb5b90f13a8]
Event: 6,711 Thread 0x00007fb5bc08d800  223             com.sun.org.apache.xerces.internal.dom.DeferredDocumentImpl::ensureCapacity (358 bytes)
Event: 6,717 Thread 0x00007fb5bc090800  224             com.sun.org.apache.xerces.internal.dom.DeferredDocumentImpl::getPrevSibling (106 bytes)
Event: 6,724 Thread 0x00007fb5bc090800 nmethod 224 0x00007fb5b90f49d0 code [0x00007fb5b90f4b60, 0x00007fb5b90f4ed8]
Event: 6,731 Thread 0x00007fb5bc090800  225             sun.misc.VM::isBooted (4 bytes)
Event: 6,731 Thread 0x00007fb5bc090800 nmethod 225 0x00007fb5b90f1710 code [0x00007fb5b90f1840, 0x00007fb5b90f1898]

GC Heap History (10 events):
Event: 3,375 GC heap after
Heap after GC invocations=4 (full 0):
 PSYoungGen      total 18432K, used 1009K [0x00000000f5880000, 0x00000000f6b80000, 0x0000000100000000)
  eden space 17408K, 0% used [0x00000000f5880000,0x00000000f5880000,0x00000000f6980000)
  from space 1024K, 98% used [0x00000000f6a80000,0x00000000f6b7c478,0x00000000f6b80000)
  to   space 1024K, 0% used [0x00000000f6980000,0x00000000f6980000,0x00000000f6a80000)
 ParOldGen       total 20992K, used 3810K [0x00000000e0a00000, 0x00000000e1e80000, 0x00000000f5880000)
  object space 20992K, 18% used [0x00000000e0a00000,0x00000000e0db8a98,0x00000000e1e80000)
 PSPermGen       total 21504K, used 12196K [0x00000000db800000, 0x00000000dcd00000, 0x00000000e0a00000)
  object space 21504K, 56% used [0x00000000db800000,0x00000000dc3e9020,0x00000000dcd00000)
}
Event: 3,811 GC heap before
{Heap before GC invocations=5 (full 0):
 PSYoungGen      total 18432K, used 18417K [0x00000000f5880000, 0x00000000f6b80000, 0x0000000100000000)
  eden space 17408K, 100% used [0x00000000f5880000,0x00000000f6980000,0x00000000f6980000)
  from space 1024K, 98% used [0x00000000f6a80000,0x00000000f6b7c478,0x00000000f6b80000)
  to   space 1024K, 0% used [0x00000000f6980000,0x00000000f6980000,0x00000000f6a80000)
 ParOldGen       total 20992K, used 3810K [0x00000000e0a00000, 0x00000000e1e80000, 0x00000000f5880000)
  object space 20992K, 18% used [0x00000000e0a00000,0x00000000e0db8a98,0x00000000e1e80000)
 PSPermGen       total 21504K, used 12506K [0x00000000db800000, 0x00000000dcd00000, 0x00000000e0a00000)
  object space 21504K, 58% used [0x00000000db800000,0x00000000dc436ab8,0x00000000dcd00000)
Event: 3,823 GC heap after
Heap after GC invocations=5 (full 0):
 PSYoungGen      total 18432K, used 993K [0x00000000f5880000, 0x00000000f8180000, 0x0000000100000000)
  eden space 17408K, 0% used [0x00000000f5880000,0x00000000f5880000,0x00000000f6980000)
  from space 1024K, 96% used [0x00000000f6980000,0x00000000f6a78468,0x00000000f6a80000)
  to   space 3584K, 0% used [0x00000000f7e00000,0x00000000f7e00000,0x00000000f8180000)
 ParOldGen       total 20992K, used 4458K [0x00000000e0a00000, 0x00000000e1e80000, 0x00000000f5880000)
  object space 20992K, 21% used [0x00000000e0a00000,0x00000000e0e5aba0,0x00000000e1e80000)
 PSPermGen       total 21504K, used 12506K [0x00000000db800000, 0x00000000dcd00000, 0x00000000e0a00000)
  object space 21504K, 58% used [0x00000000db800000,0x00000000dc436ab8,0x00000000dcd00000)
}
Event: 4,387 GC heap before
{Heap before GC invocations=6 (full 0):
 PSYoungGen      total 18432K, used 18401K [0x00000000f5880000, 0x00000000f8180000, 0x0000000100000000)
  eden space 17408K, 100% used [0x00000000f5880000,0x00000000f6980000,0x00000000f6980000)
  from space 1024K, 96% used [0x00000000f6980000,0x00000000f6a78468,0x00000000f6a80000)
  to   space 3584K, 0% used [0x00000000f7e00000,0x00000000f7e00000,0x00000000f8180000)
 ParOldGen       total 20992K, used 4458K [0x00000000e0a00000, 0x00000000e1e80000, 0x00000000f5880000)
  object space 20992K, 21% used [0x00000000e0a00000,0x00000000e0e5aba0,0x00000000e1e80000)
 PSPermGen       total 21504K, used 12872K [0x00000000db800000, 0x00000000dcd00000, 0x00000000e0a00000)
  object space 21504K, 59% used [0x00000000db800000,0x00000000dc492028,0x00000000dcd00000)
Event: 4,402 GC heap after
Heap after GC invocations=6 (full 0):
 PSYoungGen      total 37376K, used 2048K [0x00000000f5880000, 0x00000000f8080000, 0x0000000100000000)
  eden space 34816K, 0% used [0x00000000f5880000,0x00000000f5880000,0x00000000f7a80000)
  from space 2560K, 80% used [0x00000000f7e00000,0x00000000f80002b0,0x00000000f8080000)
  to   space 3072K, 0% used [0x00000000f7a80000,0x00000000f7a80000,0x00000000f7d80000)
 ParOldGen       total 20992K, used 4458K [0x00000000e0a00000, 0x00000000e1e80000, 0x00000000f5880000)
  object space 20992K, 21% used [0x00000000e0a00000,0x00000000e0e5aba0,0x00000000e1e80000)
 PSPermGen       total 21504K, used 12872K [0x00000000db800000, 0x00000000dcd00000, 0x00000000e0a00000)
  object space 21504K, 59% used [0x00000000db800000,0x00000000dc492028,0x00000000dcd00000)
}
Event: 5,240 GC heap before
{Heap before GC invocations=7 (full 0):
 PSYoungGen      total 37376K, used 36864K [0x00000000f5880000, 0x00000000f8080000, 0x0000000100000000)
  eden space 34816K, 100% used [0x00000000f5880000,0x00000000f7a80000,0x00000000f7a80000)
  from space 2560K, 80% used [0x00000000f7e00000,0x00000000f80002b0,0x00000000f8080000)
  to   space 3072K, 0% used [0x00000000f7a80000,0x00000000f7a80000,0x00000000f7d80000)
 ParOldGen       total 20992K, used 4458K [0x00000000e0a00000, 0x00000000e1e80000, 0x00000000f5880000)
  object space 20992K, 21% used [0x00000000e0a00000,0x00000000e0e5aba0,0x00000000e1e80000)
 PSPermGen       total 21504K, used 13097K [0x00000000db800000, 0x00000000dcd00000, 0x00000000e0a00000)
  object space 21504K, 60% used [0x00000000db800000,0x00000000dc4ca418,0x00000000dcd00000)
Event: 5,263 GC heap after
Heap after GC invocations=7 (full 0):
 PSYoungGen      total 37888K, used 2563K [0x00000000f5880000, 0x00000000fa380000, 0x0000000100000000)
  eden space 34816K, 0% used [0x00000000f5880000,0x00000000f5880000,0x00000000f7a80000)
  from space 3072K, 83% used [0x00000000f7a80000,0x00000000f7d00c40,0x00000000f7d80000)
  to   space 3584K, 0% used [0x00000000fa000000,0x00000000fa000000,0x00000000fa380000)
 ParOldGen       total 20992K, used 4965K [0x00000000e0a00000, 0x00000000e1e80000, 0x00000000f5880000)
  object space 20992K, 23% used [0x00000000e0a00000,0x00000000e0ed9588,0x00000000e1e80000)
 PSPermGen       total 21504K, used 13097K [0x00000000db800000, 0x00000000dcd00000, 0x00000000e0a00000)
  object space 21504K, 60% used [0x00000000db800000,0x00000000dc4ca418,0x00000000dcd00000)
}
Event: 5,745 GC heap before
{Heap before GC invocations=8 (full 0):
 PSYoungGen      total 37888K, used 37379K [0x00000000f5880000, 0x00000000fa380000, 0x0000000100000000)
  eden space 34816K, 100% used [0x00000000f5880000,0x00000000f7a80000,0x00000000f7a80000)
  from space 3072K, 83% used [0x00000000f7a80000,0x00000000f7d00c40,0x00000000f7d80000)
  to   space 3584K, 0% used [0x00000000fa000000,0x00000000fa000000,0x00000000fa380000)
 ParOldGen       total 20992K, used 4965K [0x00000000e0a00000, 0x00000000e1e80000, 0x00000000f5880000)
  object space 20992K, 23% used [0x00000000e0a00000,0x00000000e0ed9588,0x00000000e1e80000)
 PSPermGen       total 21504K, used 13243K [0x00000000db800000, 0x00000000dcd00000, 0x00000000e0a00000)
  object space 21504K, 61% used [0x00000000db800000,0x00000000dc4eee08,0x00000000dcd00000)
Event: 5,774 GC heap after
Heap after GC invocations=8 (full 0):
 PSYoungGen      total 73216K, used 3000K [0x00000000f5880000, 0x00000000fa380000, 0x0000000100000000)
  eden space 69632K, 0% used [0x00000000f5880000,0x00000000f5880000,0x00000000f9c80000)
  from space 3584K, 83% used [0x00000000fa000000,0x00000000fa2ee350,0x00000000fa380000)
  to   space 3584K, 0% used [0x00000000f9c80000,0x00000000f9c80000,0x00000000fa000000)
 ParOldGen       total 20992K, used 5362K [0x00000000e0a00000, 0x00000000e1e80000, 0x00000000f5880000)
  object space 20992K, 25% used [0x00000000e0a00000,0x00000000e0f3c998,0x00000000e1e80000)
 PSPermGen       total 21504K, used 13243K [0x00000000db800000, 0x00000000dcd00000, 0x00000000e0a00000)
  object space 21504K, 61% used [0x00000000db800000,0x00000000dc4eee08,0x00000000dcd00000)
}
Event: 6,785 GC heap before
{Heap before GC invocations=9 (full 0):
 PSYoungGen      total 73216K, used 72632K [0x00000000f5880000, 0x00000000fa380000, 0x0000000100000000)
  eden space 69632K, 100% used [0x00000000f5880000,0x00000000f9c80000,0x00000000f9c80000)
  from space 3584K, 83% used [0x00000000fa000000,0x00000000fa2ee350,0x00000000fa380000)
  to   space 3584K, 0% used [0x00000000f9c80000,0x00000000f9c80000,0x00000000fa000000)
 ParOldGen       total 20992K, used 5362K [0x00000000e0a00000, 0x00000000e1e80000, 0x00000000f5880000)
  object space 20992K, 25% used [0x00000000e0a00000,0x00000000e0f3c998,0x00000000e1e80000)
 PSPermGen       total 21504K, used 13553K [0x00000000db800000, 0x00000000dcd00000, 0x00000000e0a00000)
  object space 21504K, 63% used [0x00000000db800000,0x00000000dc53c478,0x00000000dcd00000)

Deoptimization events (10 events):
Event: 1,998 Thread 0x00007fb5bc00a800 Uncommon trap: reason=class_check action=maybe_recompile pc=0x00007fb5b9071c68 method=java.util.Properties$LineReader.readLine()I @ 62
Event: 2,001 Thread 0x00007fb5bc00a800 Uncommon trap: reason=class_check action=maybe_recompile pc=0x00007fb5b9071c68 method=java.util.Properties$LineReader.readLine()I @ 62
Event: 2,471 Thread 0x00007fb5bc00a800 Uncommon trap: reason=unreached action=reinterpret pc=0x00007fb5b90826c8 method=sun.misc.URLClassPath$JarLoader.ensureOpen()V @ 4
Event: 3,321 Thread 0x00007fb5bc00a800 Uncommon trap: reason=unreached action=reinterpret pc=0x00007fb5b907d870 method=java.util.HashMap.get(Ljava/lang/Object;)Ljava/lang/Object; @ 1
Event: 4,123 Thread 0x00007fb5bc00a800 Uncommon trap: reason=bimorphic action=maybe_recompile pc=0x00007fb5b90ac828 method=com.sun.org.apache.xml.internal.dtm.ref.dom2dtm.DOM2DTM.nextNode()Z @ 41
Event: 4,123 Thread 0x00007fb5bc00a800 Uncommon trap: reason=bimorphic action=maybe_recompile pc=0x00007fb5b90ac828 method=com.sun.org.apache.xml.internal.dtm.ref.dom2dtm.DOM2DTM.nextNode()Z @ 41
Event: 4,212 Thread 0x00007fb5bc00a800 Uncommon trap: reason=bimorphic action=maybe_recompile pc=0x00007fb5b90ac828 method=com.sun.org.apache.xml.internal.dtm.ref.dom2dtm.DOM2DTM.nextNode()Z @ 41
Event: 4,212 Thread 0x00007fb5bc00a800 Uncommon trap: reason=bimorphic action=maybe_recompile pc=0x00007fb5b90ac828 method=com.sun.org.apache.xml.internal.dtm.ref.dom2dtm.DOM2DTM.nextNode()Z @ 41
Event: 4,690 Thread 0x00007fb5bc00a800 Uncommon trap: reason=unreached action=reinterpret pc=0x00007fb5b90b4390 method=com.sun.org.apache.xerces.internal.dom.ParentNode.nodeListGetLength()I @ 11
Event: 4,690 Thread 0x00007fb5bc00a800 Uncommon trap: reason=unreached action=reinterpret pc=0x00007fb5b90b0390 method=com.sun.org.apache.xerces.internal.dom.ParentNode.nodeListGetLength()I @ 11

Internal exceptions (10 events):
Event: 6,428 Thread 0x00007fb5bc00a800 Threw 0x00000000f8751968 at /HUDSON/workspace/7u-2-build-linux-amd64/jdk7u65/1224/hotspot/src/share/vm/prims/jvm.cpp:1244
Event: 6,599 Thread 0x00007fb5bc00a800 Threw 0x00000000f8d76eb8 at /HUDSON/workspace/7u-2-build-linux-amd64/jdk7u65/1224/hotspot/src/share/vm/prims/jvm.cpp:1244
Event: 6,601 Thread 0x00007fb5bc00a800 Threw 0x00000000f8d7c6b0 at /HUDSON/workspace/7u-2-build-linux-amd64/jdk7u65/1224/hotspot/src/share/vm/prims/jvm.cpp:1244
Event: 6,605 Thread 0x00007fb5bc00a800 Threw 0x00000000f8d80dd8 at /HUDSON/workspace/7u-2-build-linux-amd64/jdk7u65/1224/hotspot/src/share/vm/prims/jvm.cpp:1244
Event: 6,623 Thread 0x00007fb5bc00a800 Threw 0x00000000f8f84b08 at /HUDSON/workspace/7u-2-build-linux-amd64/jdk7u65/1224/hotspot/src/share/vm/prims/jvm.cpp:1244
Event: 6,627 Thread 0x00007fb5bc00a800 Threw 0x00000000f8f8ac50 at /HUDSON/workspace/7u-2-build-linux-amd64/jdk7u65/1224/hotspot/src/share/vm/prims/jvm.cpp:1244
Event: 6,731 Thread 0x00007fb5bc00a800 Threw 0x00000000f981d7a8 at /HUDSON/workspace/7u-2-build-linux-amd64/jdk7u65/1224/hotspot/src/share/vm/prims/jvm.cpp:1244
Event: 6,733 Thread 0x00007fb5bc00a800 Threw 0x00000000f9822b88 at /HUDSON/workspace/7u-2-build-linux-amd64/jdk7u65/1224/hotspot/src/share/vm/prims/jvm.cpp:1244
Event: 6,735 Thread 0x00007fb5bc00a800 Threw 0x00000000f9828d18 at /HUDSON/workspace/7u-2-build-linux-amd64/jdk7u65/1224/hotspot/src/share/vm/prims/jvm.cpp:1244
Event: 6,753 Thread 0x00007fb5bc00a800 Threw 0x00000000f9a7b128 at /HUDSON/workspace/7u-2-build-linux-amd64/jdk7u65/1224/hotspot/src/share/vm/prims/jvm.cpp:1244

Events (10 events):
Event: 6,627 loading class 0x00007fb5bc1d05e0 done
Event: 6,731 loading class 0x00007fb5bc257fe0
Event: 6,731 loading class 0x00007fb5bc257fe0 done
Event: 6,733 loading class 0x00007fb5bc258100
Event: 6,733 loading class 0x00007fb5bc258100 done
Event: 6,734 loading class 0x00007fb5bc415430
Event: 6,734 loading class 0x00007fb5bc415430 done
Event: 6,753 loading class 0x00007fb5bc0d89e0
Event: 6,753 loading class 0x00007fb5bc0d89e0 done
Event: 6,784 Executing VM operation: ParallelGCFailedAllocation


Dynamic libraries:
00400000-00401000 r-xp 00000000 08:01 44891                              /usr/local/jdk/jdk1.7.0_65/bin/java
00600000-00601000 rw-p 00000000 08:01 44891                              /usr/local/jdk/jdk1.7.0_65/bin/java
00fee000-0100f000 rw-p 00000000 00:00 0                                  [heap]
db800000-dcd00000 rw-p 00000000 00:00 0 
dcd00000-e0a00000 rw-p 00000000 00:00 0 
e0a00000-e1e80000 rw-p 00000000 00:00 0 
e1e80000-f5880000 rw-p 00000000 00:00 0 
f5880000-fa380000 rw-p 00000000 00:00 0 
fce80000-100000000 rw-p 00000000 00:00 0 
7fb58c000000-7fb58c021000 rw-p 00000000 00:00 0 
7fb58c021000-7fb590000000 ---p 00000000 00:00 0 
7fb593c76000-7fb593de2000 rw-p 00000000 00:00 0 
7fb593de2000-7fb593de9000 r--s 00000000 08:01 266727                     /usr/lib/x86_64-linux-gnu/gconv/gconv-modules.cache
7fb593de9000-7fb593dff000 r-xp 00000000 08:01 50629                      /usr/local/jdk/jdk1.7.0_65/jre/lib/amd64/libnet.so
7fb593dff000-7fb593fff000 ---p 00016000 08:01 50629                      /usr/local/jdk/jdk1.7.0_65/jre/lib/amd64/libnet.so
7fb593fff000-7fb594000000 rw-p 00016000 08:01 50629                      /usr/local/jdk/jdk1.7.0_65/jre/lib/amd64/libnet.so
7fb594000000-7fb594661000 rw-p 00000000 00:00 0 
7fb594661000-7fb598000000 ---p 00000000 00:00 0 
7fb598000000-7fb598021000 rw-p 00000000 00:00 0 
7fb598021000-7fb59c000000 ---p 00000000 00:00 0 
7fb59c000000-7fb59c021000 rw-p 00000000 00:00 0 
7fb59c021000-7fb5a0000000 ---p 00000000 00:00 0 
7fb5a0000000-7fb5a0712000 rw-p 00000000 00:00 0 
7fb5a0712000-7fb5a4000000 ---p 00000000 00:00 0 
7fb5a4000000-7fb5a4021000 rw-p 00000000 00:00 0 
7fb5a4021000-7fb5a8000000 ---p 00000000 00:00 0 
7fb5a8000000-7fb5a8021000 rw-p 00000000 00:00 0 
7fb5a8021000-7fb5ac000000 ---p 00000000 00:00 0 
7fb5ac000000-7fb5ac021000 rw-p 00000000 00:00 0 
7fb5ac021000-7fb5b0000000 ---p 00000000 00:00 0 
7fb5b0000000-7fb5b00e4000 rw-p 00000000 00:00 0 
7fb5b00e4000-7fb5b4000000 ---p 00000000 00:00 0 
7fb5b4000000-7fb5b4021000 rw-p 00000000 00:00 0 
7fb5b4021000-7fb5b8000000 ---p 00000000 00:00 0 
7fb5b8000000-7fb5b8001000 rw-p 00000000 00:00 0 
7fb5b8001000-7fb5b8024000 r--p 00000000 08:01 28864                      /usr/share/locale-langpack/sv/LC_MESSAGES/libc.mo
7fb5b8024000-7fb5b8028000 r--s 0008a000 08:01 50812                      /usr/local/jdk/jdk1.7.0_65/jre/lib/jsse.jar
7fb5b8028000-7fb5b8032000 r--s 00251000 08:01 50741                      /usr/local/jdk/jdk1.7.0_65/jre/lib/resources.jar
7fb5b8032000-7fb5b8042000 r-xp 00000000 08:01 50669                      /usr/local/jdk/jdk1.7.0_65/jre/lib/amd64/libnio.so
7fb5b8042000-7fb5b8242000 ---p 00010000 08:01 50669                      /usr/local/jdk/jdk1.7.0_65/jre/lib/amd64/libnio.so
7fb5b8242000-7fb5b8243000 rw-p 00010000 08:01 50669                      /usr/local/jdk/jdk1.7.0_65/jre/lib/amd64/libnio.so
7fb5b8243000-7fb5b8245000 r--s 00014000 08:01 535577                     /home/jonas/.m2/repository/asg/cliche/asg-cli/1.0/asg-cli-1.0.jar
7fb5b8245000-7fb5b8253000 r--s 0018e000 08:01 535396                     /home/jonas/.m2/repository/com/h2database/h2/1.4.181/h2-1.4.181.jar
7fb5b8253000-7fb5b8255000 r--s 00003000 08:01 535091                     /home/jonas/.m2/repository/org/slf4j/jcl-over-slf4j/1.7.6/jcl-over-slf4j-1.7.6.jar
7fb5b8255000-7fb5b8257000 r--s 00006000 08:01 535090                     /home/jonas/.m2/repository/org/slf4j/slf4j-api/1.7.6/slf4j-api-1.7.6.jar
7fb5b8257000-7fb5b8267000 r--s 0007c000 08:01 535089                     /home/jonas/.m2/repository/joda-time/joda-time/2.1/joda-time-2.1.jar
7fb5b8267000-7fb5b8269000 r--s 0000e000 08:01 658453                     /home/jonas/.m2/repository/commons-logging/commons-logging/1.1.3/commons-logging-1.1.3.jar
7fb5b8269000-7fb5b827d000 r--s 000db000 08:01 658451                     /home/jonas/.m2/repository/org/springframework/spring-core/4.0.6.RELEASE/spring-core-4.0.6.RELEASE.jar
7fb5b827d000-7fb5b8289000 r--s 00098000 08:01 658450                     /home/jonas/.m2/repository/org/springframework/spring-beans/4.0.6.RELEASE/spring-beans-4.0.6.RELEASE.jar
7fb5b8289000-7fb5b8296000 r--s 000a2000 08:01 535085                     /home/jonas/.m2/repository/org/mybatis/mybatis/3.2.5/mybatis-3.2.5.jar
7fb5b8296000-7fb5b82b9000 r--s 00162000 08:01 535065                     /home/jonas/.m2/repository/org/activiti/activiti-engine/5.16/activiti-engine-5.16.jar
7fb5b82b9000-7fb5b82ba000 ---p 00000000 00:00 0 
7fb5b82ba000-7fb5b83ba000 rw-p 00000000 00:00 0                          [stack:20401]
7fb5b83ba000-7fb5b83bd000 ---p 00000000 00:00 0 
7fb5b83bd000-7fb5b84bb000 rw-p 00000000 00:00 0                          [stack:20400]
7fb5b84bb000-7fb5b84be000 ---p 00000000 00:00 0 
7fb5b84be000-7fb5b85bc000 rw-p 00000000 00:00 0                          [stack:20399]
7fb5b85bc000-7fb5b85bf000 ---p 00000000 00:00 0 
7fb5b85bf000-7fb5b86bd000 rw-p 00000000 00:00 0                          [stack:20398]
7fb5b86bd000-7fb5b9000000 r--p 00000000 08:01 137458                     /usr/lib/locale/locale-archive
7fb5b9000000-7fb5b9270000 rwxp 00000000 00:00 0 
7fb5b9270000-7fb5bc420000 rw-p 00000000 00:00 0 
7fb5bc420000-7fb5c0000000 ---p 00000000 00:00 0 
7fb5c0000000-7fb5c0007000 r--s 0005e000 08:01 535084                     /home/jonas/.m2/repository/org/apache/commons/commons-lang3/3.3.2/commons-lang3-3.3.2.jar
7fb5c0007000-7fb5c0009000 r--s 0000e000 08:01 524640                     /home/jonas/.m2/repository/javax/activation/activation/1.1/activation-1.1.jar
7fb5c0009000-7fb5c0010000 r--s 00067000 08:01 535083                     /home/jonas/.m2/repository/javax/mail/mail/1.4.1/mail-1.4.1.jar
7fb5c0010000-7fb5c0011000 r--s 00007000 08:01 535079                     /home/jonas/.m2/repository/org/apache/commons/commons-email/1.2/commons-email-1.2.jar
7fb5c0011000-7fb5c0013000 r--s 0000f000 08:01 535078                     /home/jonas/.m2/repository/org/activiti/activiti-image-generator/5.16/activiti-image-generator-5.16.jar
7fb5c0013000-7fb5c0016000 ---p 00000000 00:00 0 
7fb5c0016000-7fb5c0114000 rw-p 00000000 00:00 0                          [stack:20397]
7fb5c0114000-7fb5c0117000 ---p 00000000 00:00 0 
7fb5c0117000-7fb5c0215000 rw-p 00000000 00:00 0                          [stack:20396]
7fb5c0215000-7fb5c0218000 ---p 00000000 00:00 0 
7fb5c0218000-7fb5c0316000 rw-p 00000000 00:00 0                          [stack:20395]
7fb5c0316000-7fb5c0317000 ---p 00000000 00:00 0 
7fb5c0317000-7fb5c0dce000 rw-p 00000000 00:00 0                          [stack:20394]
7fb5c0dce000-7fb5c0f8d000 r--s 039e5000 08:01 50799                      /usr/local/jdk/jdk1.7.0_65/jre/lib/rt.jar
7fb5c0f8d000-7fb5c23ea000 rw-p 00000000 00:00 0 
7fb5c23ea000-7fb5c23eb000 ---p 00000000 00:00 0 
7fb5c23eb000-7fb5c24eb000 rw-p 00000000 00:00 0                          [stack:20393]
7fb5c24eb000-7fb5c24ec000 ---p 00000000 00:00 0 
7fb5c24ec000-7fb5c25f7000 rw-p 00000000 00:00 0                          [stack:20392]
7fb5c25f7000-7fb5c2615000 rw-p 00000000 00:00 0 
7fb5c2615000-7fb5c2620000 rw-p 00000000 00:00 0 
7fb5c2620000-7fb5c26bd000 rw-p 00000000 00:00 0 
7fb5c26bd000-7fb5c26c8000 rw-p 00000000 00:00 0 
7fb5c26c8000-7fb5c26e6000 rw-p 00000000 00:00 0 
7fb5c26e6000-7fb5c26f1000 rw-p 00000000 00:00 0 
7fb5c26f1000-7fb5c278d000 rw-p 00000000 00:00 0 
7fb5c278d000-7fb5c27b3000 rw-p 00000000 00:00 0 
7fb5c27b3000-7fb5c27e1000 rw-p 00000000 00:00 0 
7fb5c27e1000-7fb5c27e2000 rw-p 00000000 00:00 0 
7fb5c27e2000-7fb5c27fc000 r-xp 00000000 08:01 50683                      /usr/local/jdk/jdk1.7.0_65/jre/lib/amd64/libzip.so
7fb5c27fc000-7fb5c29fc000 ---p 0001a000 08:01 50683                      /usr/local/jdk/jdk1.7.0_65/jre/lib/amd64/libzip.so
7fb5c29fc000-7fb5c29fd000 rw-p 0001a000 08:01 50683                      /usr/local/jdk/jdk1.7.0_65/jre/lib/amd64/libzip.so
7fb5c29fd000-7fb5c2a08000 r-xp 00000000 08:01 6002                       /lib/x86_64-linux-gnu/libnss_files-2.19.so
7fb5c2a08000-7fb5c2c07000 ---p 0000b000 08:01 6002                       /lib/x86_64-linux-gnu/libnss_files-2.19.so
7fb5c2c07000-7fb5c2c08000 r--p 0000a000 08:01 6002                       /lib/x86_64-linux-gnu/libnss_files-2.19.so
7fb5c2c08000-7fb5c2c09000 rw-p 0000b000 08:01 6002                       /lib/x86_64-linux-gnu/libnss_files-2.19.so
7fb5c2c09000-7fb5c2c14000 r-xp 00000000 08:01 6012                       /lib/x86_64-linux-gnu/libnss_nis-2.19.so
7fb5c2c14000-7fb5c2e13000 ---p 0000b000 08:01 6012                       /lib/x86_64-linux-gnu/libnss_nis-2.19.so
7fb5c2e13000-7fb5c2e14000 r--p 0000a000 08:01 6012                       /lib/x86_64-linux-gnu/libnss_nis-2.19.so
7fb5c2e14000-7fb5c2e15000 rw-p 0000b000 08:01 6012                       /lib/x86_64-linux-gnu/libnss_nis-2.19.so
7fb5c2e15000-7fb5c2e2c000 r-xp 00000000 08:01 5996                       /lib/x86_64-linux-gnu/libnsl-2.19.so
7fb5c2e2c000-7fb5c302b000 ---p 00017000 08:01 5996                       /lib/x86_64-linux-gnu/libnsl-2.19.so
7fb5c302b000-7fb5c302c000 r--p 00016000 08:01 5996                       /lib/x86_64-linux-gnu/libnsl-2.19.so
7fb5c302c000-7fb5c302d000 rw-p 00017000 08:01 5996                       /lib/x86_64-linux-gnu/libnsl-2.19.so
7fb5c302d000-7fb5c302f000 rw-p 00000000 00:00 0 
7fb5c302f000-7fb5c3038000 r-xp 00000000 08:01 5998                       /lib/x86_64-linux-gnu/libnss_compat-2.19.so
7fb5c3038000-7fb5c3237000 ---p 00009000 08:01 5998                       /lib/x86_64-linux-gnu/libnss_compat-2.19.so
7fb5c3237000-7fb5c3238000 r--p 00008000 08:01 5998                       /lib/x86_64-linux-gnu/libnss_compat-2.19.so
7fb5c3238000-7fb5c3239000 rw-p 00009000 08:01 5998                       /lib/x86_64-linux-gnu/libnss_compat-2.19.so
7fb5c3239000-7fb5c3262000 r-xp 00000000 08:01 50666                      /usr/local/jdk/jdk1.7.0_65/jre/lib/amd64/libjava.so
7fb5c3262000-7fb5c3462000 ---p 00029000 08:01 50666                      /usr/local/jdk/jdk1.7.0_65/jre/lib/amd64/libjava.so
7fb5c3462000-7fb5c3464000 rw-p 00029000 08:01 50666                      /usr/local/jdk/jdk1.7.0_65/jre/lib/amd64/libjava.so
7fb5c3464000-7fb5c3471000 r-xp 00000000 08:01 50628                      /usr/local/jdk/jdk1.7.0_65/jre/lib/amd64/libverify.so
7fb5c3471000-7fb5c3670000 ---p 0000d000 08:01 50628                      /usr/local/jdk/jdk1.7.0_65/jre/lib/amd64/libverify.so
7fb5c3670000-7fb5c3672000 rw-p 0000c000 08:01 50628                      /usr/local/jdk/jdk1.7.0_65/jre/lib/amd64/libverify.so
7fb5c3672000-7fb5c3679000 r-xp 00000000 08:01 6055                       /lib/x86_64-linux-gnu/librt-2.19.so
7fb5c3679000-7fb5c3878000 ---p 00007000 08:01 6055                       /lib/x86_64-linux-gnu/librt-2.19.so
7fb5c3878000-7fb5c3879000 r--p 00006000 08:01 6055                       /lib/x86_64-linux-gnu/librt-2.19.so
7fb5c3879000-7fb5c387a000 rw-p 00007000 08:01 6055                       /lib/x86_64-linux-gnu/librt-2.19.so
7fb5c387a000-7fb5c397f000 r-xp 00000000 08:01 5977                       /lib/x86_64-linux-gnu/libm-2.19.so
7fb5c397f000-7fb5c3b7e000 ---p 00105000 08:01 5977                       /lib/x86_64-linux-gnu/libm-2.19.so
7fb5c3b7e000-7fb5c3b7f000 r--p 00104000 08:01 5977                       /lib/x86_64-linux-gnu/libm-2.19.so
7fb5c3b7f000-7fb5c3b80000 rw-p 00105000 08:01 5977                       /lib/x86_64-linux-gnu/libm-2.19.so
7fb5c3b80000-7fb5c46f0000 r-xp 00000000 08:01 50642                      /usr/local/jdk/jdk1.7.0_65/jre/lib/amd64/server/libjvm.so
7fb5c46f0000-7fb5c48ef000 ---p 00b70000 08:01 50642                      /usr/local/jdk/jdk1.7.0_65/jre/lib/amd64/server/libjvm.so
7fb5c48ef000-7fb5c49b4000 rw-p 00b6f000 08:01 50642                      /usr/local/jdk/jdk1.7.0_65/jre/lib/amd64/server/libjvm.so
7fb5c49b4000-7fb5c49f4000 rw-p 00000000 00:00 0 
7fb5c49f4000-7fb5c4bb0000 r-xp 00000000 08:01 5927                       /lib/x86_64-linux-gnu/libc-2.19.so
7fb5c4bb0000-7fb5c4daf000 ---p 001bc000 08:01 5927                       /lib/x86_64-linux-gnu/libc-2.19.so
7fb5c4daf000-7fb5c4db3000 r--p 001bb000 08:01 5927                       /lib/x86_64-linux-gnu/libc-2.19.so
7fb5c4db3000-7fb5c4db5000 rw-p 001bf000 08:01 5927                       /lib/x86_64-linux-gnu/libc-2.19.so
7fb5c4db5000-7fb5c4dba000 rw-p 00000000 00:00 0 
7fb5c4dba000-7fb5c4dbd000 r-xp 00000000 08:01 5944                       /lib/x86_64-linux-gnu/libdl-2.19.so
7fb5c4dbd000-7fb5c4fbc000 ---p 00003000 08:01 5944                       /lib/x86_64-linux-gnu/libdl-2.19.so
7fb5c4fbc000-7fb5c4fbd000 r--p 00002000 08:01 5944                       /lib/x86_64-linux-gnu/libdl-2.19.so
7fb5c4fbd000-7fb5c4fbe000 rw-p 00003000 08:01 5944                       /lib/x86_64-linux-gnu/libdl-2.19.so
7fb5c4fbe000-7fb5c4fd4000 r-xp 00000000 08:01 24575                      /usr/local/jdk/jdk1.7.0_65/lib/amd64/jli/libjli.so
7fb5c4fd4000-7fb5c51d4000 ---p 00016000 08:01 24575                      /usr/local/jdk/jdk1.7.0_65/lib/amd64/jli/libjli.so
7fb5c51d4000-7fb5c51d5000 rw-p 00016000 08:01 24575                      /usr/local/jdk/jdk1.7.0_65/lib/amd64/jli/libjli.so
7fb5c51d5000-7fb5c51ee000 r-xp 00000000 08:01 6047                       /lib/x86_64-linux-gnu/libpthread-2.19.so
7fb5c51ee000-7fb5c53ed000 ---p 00019000 08:01 6047                       /lib/x86_64-linux-gnu/libpthread-2.19.so
7fb5c53ed000-7fb5c53ee000 r--p 00018000 08:01 6047                       /lib/x86_64-linux-gnu/libpthread-2.19.so
7fb5c53ee000-7fb5c53ef000 rw-p 00019000 08:01 6047                       /lib/x86_64-linux-gnu/libpthread-2.19.so
7fb5c53ef000-7fb5c53f3000 rw-p 00000000 00:00 0 
7fb5c53f3000-7fb5c5416000 r-xp 00000000 08:01 5903                       /lib/x86_64-linux-gnu/ld-2.19.so
7fb5c5416000-7fb5c5419000 r--s 0000b000 08:01 535076                     /home/jonas/.m2/repository/org/activiti/activiti-process-validation/5.16/activiti-process-validation-5.16.jar
7fb5c5419000-7fb5c541c000 r--s 00006000 08:01 535074                     /home/jonas/.m2/repository/com/fasterxml/jackson/core/jackson-annotations/2.2.3/jackson-annotations-2.2.3.jar
7fb5c541c000-7fb5c542d000 r--s 000c3000 08:01 535069                     /home/jonas/.m2/repository/com/fasterxml/jackson/core/jackson-databind/2.2.3/jackson-databind-2.2.3.jar
7fb5c542d000-7fb5c5431000 r--s 0002c000 08:01 535066                     /home/jonas/.m2/repository/com/fasterxml/jackson/core/jackson-core/2.2.3/jackson-core-2.2.3.jar
7fb5c5431000-7fb5c5435000 r--s 00027000 08:01 535067                     /home/jonas/.m2/repository/org/activiti/activiti-bpmn-converter/5.16/activiti-bpmn-converter-5.16.jar
7fb5c5435000-7fb5c543f000 rw-p 00000000 00:00 0 
7fb5c543f000-7fb5c54f5000 rw-p 00000000 00:00 0 
7fb5c54f5000-7fb5c54f8000 ---p 00000000 00:00 0 
7fb5c54f8000-7fb5c55fa000 rw-p 00000000 00:00 0                          [stack:20391]
7fb5c55fa000-7fb5c55fd000 r--s 00014000 08:01 535070                     /home/jonas/.m2/repository/org/activiti/activiti-bpmn-model/5.16/activiti-bpmn-model-5.16.jar
7fb5c55fd000-7fb5c5609000 rw-p 00000000 00:00 0 
7fb5c5609000-7fb5c5611000 rw-s 00000000 08:01 414490                     /tmp/hsperfdata_jonas/20387
7fb5c5611000-7fb5c5612000 rw-p 00000000 00:00 0 
7fb5c5612000-7fb5c5613000 ---p 00000000 00:00 0 
7fb5c5613000-7fb5c5615000 rw-p 00000000 00:00 0 
7fb5c5615000-7fb5c5616000 r--p 00022000 08:01 5903                       /lib/x86_64-linux-gnu/ld-2.19.so
7fb5c5616000-7fb5c5617000 rw-p 00023000 08:01 5903                       /lib/x86_64-linux-gnu/ld-2.19.so
7fb5c5617000-7fb5c5618000 rw-p 00000000 00:00 0 
7fffe9f83000-7fffe9fa5000 rw-p 00000000 00:00 0                          [stack]
7fffe9ffe000-7fffea000000 r-xp 00000000 00:00 0                          [vdso]
ffffffffff600000-ffffffffff601000 r-xp 00000000 00:00 0                  [vsyscall]

VM Arguments:
java_command: se.home.arande.App
Launcher Type: SUN_STANDARD

Environment Variables:
JAVA_HOME=/usr/local/jdk/current
PATH=/usr/local/sbin:/usr/local/bin:/usr/sbin:/usr/bin:/sbin:/bin:/usr/games:/usr/local/games
LD_LIBRARY_PATH=/usr/local/jdk/current/jre/lib/amd64:/usr/local/jdk/current/jre/lib/i386:/usr/lib32
SHELL=/bin/bash
DISPLAY=:0.0

Signal Handlers:
SIGSEGV: [libjvm.so+0x99f4a0], sa_mask[0]=0x7ffbfeff, sa_flags=0x10000004
SIGBUS: [libjvm.so+0x99f4a0], sa_mask[0]=0x7ffbfeff, sa_flags=0x10000004
SIGFPE: [libjvm.so+0x81a860], sa_mask[0]=0x7ffbfeff, sa_flags=0x10000004
SIGPIPE: [libjvm.so+0x81a860], sa_mask[0]=0x7ffbfeff, sa_flags=0x10000004
SIGXFSZ: [libjvm.so+0x81a860], sa_mask[0]=0x7ffbfeff, sa_flags=0x10000004
SIGILL: [libjvm.so+0x81a860], sa_mask[0]=0x7ffbfeff, sa_flags=0x10000004
SIGUSR1: SIG_DFL, sa_mask[0]=0x00000000, sa_flags=0x00000000
SIGUSR2: [libjvm.so+0x81c060], sa_mask[0]=0x00000004, sa_flags=0x10000004
SIGHUP: [libjvm.so+0x81d160], sa_mask[0]=0x7ffbfeff, sa_flags=0x10000004
SIGINT: SIG_IGN, sa_mask[0]=0x00000000, sa_flags=0x00000000
SIGTERM: [libjvm.so+0x81d160], sa_mask[0]=0x7ffbfeff, sa_flags=0x10000004
SIGQUIT: [libjvm.so+0x81d160], sa_mask[0]=0x7ffbfeff, sa_flags=0x10000004


---------------  S Y S T E M  ---------------

OS:jessie/sid

uname:Linux 3.13.0-24-generic #47-Ubuntu SMP Fri May 2 23:30:00 UTC 2014 x86_64
libc:glibc 2.19 NPTL 2.19 
rlimit: STACK 8192k, CORE 0k, NPROC 15847, NOFILE 4096, AS infinity
load average:1,13 0,93 0,95

/proc/meminfo:
MemTotal:        2049988 kB
MemFree:           75832 kB
Buffers:             936 kB
Cached:            47924 kB
SwapCached:            0 kB
Active:          1830096 kB
Inactive:          33904 kB
Active(anon):    1816664 kB
Inactive(anon):    20440 kB
Active(file):      13432 kB
Inactive(file):    13464 kB
Unevictable:          64 kB
Mlocked:              64 kB
SwapTotal:             0 kB
SwapFree:              0 kB
Dirty:               248 kB
Writeback:             0 kB
AnonPages:       1815428 kB
Mapped:            39504 kB
Shmem:             21756 kB
Slab:              40776 kB
SReclaimable:      19344 kB
SUnreclaim:        21432 kB
KernelStack:        3528 kB
PageTables:        30164 kB
NFS_Unstable:          0 kB
Bounce:                0 kB
WritebackTmp:          0 kB
CommitLimit:     1024992 kB
Committed_AS:    4061076 kB
VmallocTotal:   34359738367 kB
VmallocUsed:       26216 kB
VmallocChunk:   34359708263 kB
HardwareCorrupted:     0 kB
AnonHugePages:    358400 kB
HugePages_Total:       0
HugePages_Free:        0
HugePages_Rsvd:        0
HugePages_Surp:        0
Hugepagesize:       2048 kB
DirectMap4k:       40896 kB
DirectMap2M:     2056192 kB


CPU:total 2 (2 cores per cpu, 1 threads per core) family 18 model 1 stepping 0, cmov, cx8, fxsr, mmx, sse, sse2, sse3, 3dnowpref, tsc

/proc/cpuinfo:
processor	: 0
vendor_id	: AuthenticAMD
cpu family	: 18
model		: 1
model name	: AMD A8-3870 APU with Radeon(tm) HD Graphics
stepping	: 0
microcode	: 0x6000626
cpu MHz		: 2928.448
cache size	: 1024 KB
physical id	: 0
siblings	: 2
core id		: 0
cpu cores	: 2
apicid		: 0
initial apicid	: 0
fpu		: yes
fpu_exception	: yes
cpuid level	: 5
wp		: yes
flags		: fpu vme de pse tsc msr pae mce cx8 apic sep mtrr pge mca cmov pat pse36 clflush mmx fxsr sse sse2 ht syscall nx fxsr_opt rdtscp lm 3dnowext 3dnow rep_good nopl extd_apicid pni lahf_lm cmp_legacy cr8_legacy arat
bogomips	: 5856.89
TLB size	: 1536 4K pages
clflush size	: 64
cache_alignment	: 64
address sizes	: 40 bits physical, 48 bits virtual
power management:

processor	: 1
vendor_id	: AuthenticAMD
cpu family	: 18
model		: 1
model name	: AMD A8-3870 APU with Radeon(tm) HD Graphics
stepping	: 0
microcode	: 0x6000626
cpu MHz		: 2928.448
cache size	: 1024 KB
physical id	: 0
siblings	: 2
core id		: 1
cpu cores	: 2
apicid		: 1
initial apicid	: 1
fpu		: yes
fpu_exception	: yes
cpuid level	: 5
wp		: yes
flags		: fpu vme de pse tsc msr pae mce cx8 apic sep mtrr pge mca cmov pat pse36 clflush mmx fxsr sse sse2 ht syscall nx fxsr_opt rdtscp lm 3dnowext 3dnow rep_good nopl extd_apicid pni lahf_lm cmp_legacy cr8_legacy arat
bogomips	: 5797.43
TLB size	: 1536 4K pages
clflush size	: 64
cache_alignment	: 64
address sizes	: 40 bits physical, 48 bits virtual
power management:



Memory: 4k page, physical 2049988k(75832k free), swap 0k(0k free)

vm_info: Java HotSpot(TM) 64-Bit Server VM (24.65-b04) for linux-amd64 JRE (1.7.0_65-b17), built on Jun 16 2014 20:55:34 by "java_re" with gcc 4.3.0 20080428 (Red Hat 4.3.0-8)

time: Wed Sep 10 19:41:53 2014
elapsed time: 6 seconds

