#
# There is insufficient memory for the Java Runtime Environment to continue.
# Native memory allocation (malloc) failed to allocate 45088768 bytes for committing reserved memory.
# Possible reasons:
#   The system is out of physical RAM or swap space
#   In 32 bit mode, the process size limit was hit
# Possible solutions:
#   Reduce memory load on the system
#   Increase physical memory or swap space
#   Check if swap backing store is full
#   Use 64 bit Java on a 64 bit OS
#   Decrease Java heap size (-Xmx/-Xms)
#   Decrease number of Java threads
#   Decrease Java thread stack sizes (-Xss)
#   Set larger code cache with -XX:ReservedCodeCacheSize=
# This output file may be truncated or incomplete.
#
#  Out of Memory Error (os_linux.cpp:2745), pid=17166, tid=139858677589760
#
# JRE version: Java(TM) SE Runtime Environment (7.0_65-b17) (build 1.7.0_65-b17)
# Java VM: Java HotSpot(TM) 64-Bit Server VM (24.65-b04 mixed mode linux-amd64 compressed oops)
# Failed to write core dump. Core dumps have been disabled. To enable core dumping, try "ulimit -c unlimited" before starting Java again
#

---------------  T H R E A D  ---------------

Current thread (0x00007f336c066000):  VMThread [stack: 0x00007f3362bbe000,0x00007f3362cbf000] [id=17173]

Stack: [0x00007f3362bbe000,0x00007f3362cbf000],  sp=0x00007f3362cbd140,  free space=1020k
Native frames: (J=compiled Java code, j=interpreted, Vv=VM code, C=native code)
V  [libjvm.so+0x99eb8a]  VMError::report_and_die()+0x2ea
V  [libjvm.so+0x49721b]  report_vm_out_of_memory(char const*, int, unsigned long, char const*)+0x9b
V  [libjvm.so+0x81d9ae]  os::Linux::commit_memory_impl(char*, unsigned long, bool)+0xfe
V  [libjvm.so+0x81def9]  os::pd_commit_memory(char*, unsigned long, unsigned long, bool)+0x29
V  [libjvm.so+0x817caa]  os::commit_memory(char*, unsigned long, unsigned long, bool)+0x2a
V  [libjvm.so+0x88a7a3]  PSVirtualSpace::expand_by(unsigned long)+0x53
V  [libjvm.so+0x88bb78]  PSYoungGen::resize_generation(unsigned long, unsigned long)+0xf8
V  [libjvm.so+0x88ace2]  PSYoungGen::resize(unsigned long, unsigned long)+0x22
V  [libjvm.so+0x888133]  PSScavenge::invoke_no_policy()+0xfb3
V  [libjvm.so+0x8888e1]  PSScavenge::invoke()+0x41
V  [libjvm.so+0x83f510]  ParallelScavengeHeap::failed_mem_allocate(unsigned long)+0x70
V  [libjvm.so+0x9a0417]  VM_ParallelGCFailedAllocation::doit()+0x97
V  [libjvm.so+0x9a78b5]  VM_Operation::evaluate()+0x55
V  [libjvm.so+0x9a5c7a]  VMThread::evaluate_operation(VM_Operation*)+0xba
V  [libjvm.so+0x9a5ffe]  VMThread::loop()+0x1ce
V  [libjvm.so+0x9a6470]  VMThread::run()+0x70
V  [libjvm.so+0x81f988]  java_start(Thread*)+0x108

VM_Operation (0x00007f3372ee0ca0): ParallelGCFailedAllocation, mode: safepoint, requested by thread 0x00007f336c00a800


---------------  P R O C E S S  ---------------

Java Threads: ( => current thread )
  0x00007f336c092800 JavaThread "Service Thread" daemon [_thread_blocked, id=17179, stack(0x00007f3361c75000,0x00007f3361d76000)]
  0x00007f336c090800 JavaThread "C2 CompilerThread1" daemon [_thread_blocked, id=17178, stack(0x00007f3361d76000,0x00007f3361e77000)]
  0x00007f336c08d800 JavaThread "C2 CompilerThread0" daemon [_thread_blocked, id=17177, stack(0x00007f3361e77000,0x00007f3361f78000)]
  0x00007f336c08b800 JavaThread "Signal Dispatcher" daemon [_thread_blocked, id=17176, stack(0x00007f3361f78000,0x00007f3362079000)]
  0x00007f336c06c000 JavaThread "Finalizer" daemon [_thread_blocked, id=17175, stack(0x00007f33629bc000,0x00007f3362abd000)]
  0x00007f336c06a000 JavaThread "Reference Handler" daemon [_thread_blocked, id=17174, stack(0x00007f3362abd000,0x00007f3362bbe000)]
  0x00007f336c00a800 JavaThread "main" [_thread_blocked, id=17170, stack(0x00007f3372de2000,0x00007f3372ee3000)]

Other Threads:
=>0x00007f336c066000 VMThread [stack: 0x00007f3362bbe000,0x00007f3362cbf000] [id=17173]
  0x00007f336c09d800 WatcherThread [stack: 0x00007f3361b74000,0x00007f3361c75000] [id=17180]

VM state:at safepoint (normal execution)

VM Mutex/Monitor currently owned by a thread:  ([mutex/lock_event])
[0x00007f336c006e80] Threads_lock - owner thread: 0x00007f336c066000
[0x00007f336c007380] Heap_lock - owner thread: 0x00007f336c00a800

Heap
 PSYoungGen      total 73216K, used 3584K [0x00000000f5880000, 0x00000000fa380000, 0x0000000100000000)
  eden space 69632K, 0% used [0x00000000f5880000,0x00000000f5880000,0x00000000f9c80000)
  from space 3584K, 100% used [0x00000000f9c80000,0x00000000fa000000,0x00000000fa000000)
  to   space 3584K, 0% used [0x00000000fa000000,0x00000000fa000000,0x00000000fa380000)
 ParOldGen       total 20992K, used 6243K [0x00000000e0a00000, 0x00000000e1e80000, 0x00000000f5880000)
  object space 20992K, 29% used [0x00000000e0a00000,0x00000000e1018cb0,0x00000000e1e80000)
 PSPermGen       total 21504K, used 13553K [0x00000000db800000, 0x00000000dcd00000, 0x00000000e0a00000)
  object space 21504K, 63% used [0x00000000db800000,0x00000000dc53c528,0x00000000dcd00000)

Card table byte_map: [0x00007f3368edb000,0x00007f3369000000] byte_map_base: 0x00007f33687ff000

Polling page: 0x00007f3372eff000

Code Cache  [0x00007f3369000000, 0x00007f3369270000, 0x00007f336c000000)
 total_blobs=478 nmethods=214 adapters=218 free_code_cache=48205Kb largest_free_block=49325888

Compilation events (10 events):
Event: 6,439 Thread 0x00007f336c08d800 nmethod 214 0x00007f33690a9390 code [0x00007f33690a94c0, 0x00007f33690a9518]
Event: 6,503 Thread 0x00007f336c08d800  215             java.lang.String::indexOf (7 bytes)
Event: 6,504 Thread 0x00007f336c08d800 nmethod 215 0x00007f33690a9010 code [0x00007f33690a9160, 0x00007f33690a9228]
Event: 6,510 Thread 0x00007f336c08d800  216             com.sun.org.apache.xerces.internal.dom.NodeImpl::isSpecified (27 bytes)
Event: 6,511 Thread 0x00007f336c08d800 nmethod 216 0x00007f33690a8dd0 code [0x00007f33690a8f00, 0x00007f33690a8f58]
Event: 6,525 Thread 0x00007f336c08d800  217             java.util.BitSet::checkInvariants (111 bytes)
Event: 6,525 Thread 0x00007f336c08d800 nmethod 217 0x00007f33690e4510 code [0x00007f33690e4640, 0x00007f33690e4698]
Event: 6,533 Thread 0x00007f336c08d800  218             com.sun.org.apache.xerces.internal.xni.QName::setValues (22 bytes)
Event: 6,535 Thread 0x00007f336c08d800 nmethod 218 0x00007f33690e4310 code [0x00007f33690e4440, 0x00007f33690e44b8]
Event: 6,572 Thread 0x00007f336c090800 nmethod 199 0x00007f33690ef8d0 code [0x00007f33690efca0, 0x00007f33690f30a0]

GC Heap History (10 events):
Event: 3,563 GC heap after
Heap after GC invocations=4 (full 0):
 PSYoungGen      total 18432K, used 993K [0x00000000f5880000, 0x00000000f6b80000, 0x0000000100000000)
  eden space 17408K, 0% used [0x00000000f5880000,0x00000000f5880000,0x00000000f6980000)
  from space 1024K, 96% used [0x00000000f6a80000,0x00000000f6b78468,0x00000000f6b80000)
  to   space 1024K, 0% used [0x00000000f6980000,0x00000000f6980000,0x00000000f6a80000)
 ParOldGen       total 20992K, used 3820K [0x00000000e0a00000, 0x00000000e1e80000, 0x00000000f5880000)
  object space 20992K, 18% used [0x00000000e0a00000,0x00000000e0dbb2b0,0x00000000e1e80000)
 PSPermGen       total 21504K, used 12196K [0x00000000db800000, 0x00000000dcd00000, 0x00000000e0a00000)
  object space 21504K, 56% used [0x00000000db800000,0x00000000dc3e9070,0x00000000dcd00000)
}
Event: 3,972 GC heap before
{Heap before GC invocations=5 (full 0):
 PSYoungGen      total 18432K, used 18384K [0x00000000f5880000, 0x00000000f6b80000, 0x0000000100000000)
  eden space 17408K, 99% used [0x00000000f5880000,0x00000000f697bf50,0x00000000f6980000)
  from space 1024K, 96% used [0x00000000f6a80000,0x00000000f6b78468,0x00000000f6b80000)
  to   space 1024K, 0% used [0x00000000f6980000,0x00000000f6980000,0x00000000f6a80000)
 ParOldGen       total 20992K, used 3820K [0x00000000e0a00000, 0x00000000e1e80000, 0x00000000f5880000)
  object space 20992K, 18% used [0x00000000e0a00000,0x00000000e0dbb2b0,0x00000000e1e80000)
 PSPermGen       total 21504K, used 12506K [0x00000000db800000, 0x00000000dcd00000, 0x00000000e0a00000)
  object space 21504K, 58% used [0x00000000db800000,0x00000000dc436b08,0x00000000dcd00000)
Event: 3,981 GC heap after
Heap after GC invocations=5 (full 0):
 PSYoungGen      total 18432K, used 1009K [0x00000000f5880000, 0x00000000f8180000, 0x0000000100000000)
  eden space 17408K, 0% used [0x00000000f5880000,0x00000000f5880000,0x00000000f6980000)
  from space 1024K, 98% used [0x00000000f6980000,0x00000000f6a7c458,0x00000000f6a80000)
  to   space 3584K, 0% used [0x00000000f7e00000,0x00000000f7e00000,0x00000000f8180000)
 ParOldGen       total 20992K, used 4440K [0x00000000e0a00000, 0x00000000e1e80000, 0x00000000f5880000)
  object space 20992K, 21% used [0x00000000e0a00000,0x00000000e0e562b8,0x00000000e1e80000)
 PSPermGen       total 21504K, used 12506K [0x00000000db800000, 0x00000000dcd00000, 0x00000000e0a00000)
  object space 21504K, 58% used [0x00000000db800000,0x00000000dc436b08,0x00000000dcd00000)
}
Event: 4,587 GC heap before
{Heap before GC invocations=6 (full 0):
 PSYoungGen      total 18432K, used 18417K [0x00000000f5880000, 0x00000000f8180000, 0x0000000100000000)
  eden space 17408K, 100% used [0x00000000f5880000,0x00000000f6980000,0x00000000f6980000)
  from space 1024K, 98% used [0x00000000f6980000,0x00000000f6a7c458,0x00000000f6a80000)
  to   space 3584K, 0% used [0x00000000f7e00000,0x00000000f7e00000,0x00000000f8180000)
 ParOldGen       total 20992K, used 4440K [0x00000000e0a00000, 0x00000000e1e80000, 0x00000000f5880000)
  object space 20992K, 21% used [0x00000000e0a00000,0x00000000e0e562b8,0x00000000e1e80000)
 PSPermGen       total 21504K, used 12872K [0x00000000db800000, 0x00000000dcd00000, 0x00000000e0a00000)
  object space 21504K, 59% used [0x00000000db800000,0x00000000dc4920f8,0x00000000dcd00000)
Event: 4,599 GC heap after
Heap after GC invocations=6 (full 0):
 PSYoungGen      total 37376K, used 2036K [0x00000000f5880000, 0x00000000f8080000, 0x0000000100000000)
  eden space 34816K, 0% used [0x00000000f5880000,0x00000000f5880000,0x00000000f7a80000)
  from space 2560K, 79% used [0x00000000f7e00000,0x00000000f7ffd348,0x00000000f8080000)
  to   space 3072K, 0% used [0x00000000f7a80000,0x00000000f7a80000,0x00000000f7d80000)
 ParOldGen       total 20992K, used 4440K [0x00000000e0a00000, 0x00000000e1e80000, 0x00000000f5880000)
  object space 20992K, 21% used [0x00000000e0a00000,0x00000000e0e562b8,0x00000000e1e80000)
 PSPermGen       total 21504K, used 12872K [0x00000000db800000, 0x00000000dcd00000, 0x00000000e0a00000)
  object space 21504K, 59% used [0x00000000db800000,0x00000000dc4920f8,0x00000000dcd00000)
}
Event: 5,312 GC heap before
{Heap before GC invocations=7 (full 0):
 PSYoungGen      total 37376K, used 36852K [0x00000000f5880000, 0x00000000f8080000, 0x0000000100000000)
  eden space 34816K, 100% used [0x00000000f5880000,0x00000000f7a80000,0x00000000f7a80000)
  from space 2560K, 79% used [0x00000000f7e00000,0x00000000f7ffd348,0x00000000f8080000)
  to   space 3072K, 0% used [0x00000000f7a80000,0x00000000f7a80000,0x00000000f7d80000)
 ParOldGen       total 20992K, used 4440K [0x00000000e0a00000, 0x00000000e1e80000, 0x00000000f5880000)
  object space 20992K, 21% used [0x00000000e0a00000,0x00000000e0e562b8,0x00000000e1e80000)
 PSPermGen       total 21504K, used 13096K [0x00000000db800000, 0x00000000dcd00000, 0x00000000e0a00000)
  object space 21504K, 60% used [0x00000000db800000,0x00000000dc4ca260,0x00000000dcd00000)
Event: 5,326 GC heap after
Heap after GC invocations=7 (full 0):
 PSYoungGen      total 37888K, used 2518K [0x00000000f5880000, 0x00000000fa380000, 0x0000000100000000)
  eden space 34816K, 0% used [0x00000000f5880000,0x00000000f5880000,0x00000000f7a80000)
  from space 3072K, 81% used [0x00000000f7a80000,0x00000000f7cf5980,0x00000000f7d80000)
  to   space 3584K, 0% used [0x00000000fa000000,0x00000000fa000000,0x00000000fa380000)
 ParOldGen       total 20992K, used 4886K [0x00000000e0a00000, 0x00000000e1e80000, 0x00000000f5880000)
  object space 20992K, 23% used [0x00000000e0a00000,0x00000000e0ec5928,0x00000000e1e80000)
 PSPermGen       total 21504K, used 13096K [0x00000000db800000, 0x00000000dcd00000, 0x00000000e0a00000)
  object space 21504K, 60% used [0x00000000db800000,0x00000000dc4ca260,0x00000000dcd00000)
}
Event: 5,745 GC heap before
{Heap before GC invocations=8 (full 0):
 PSYoungGen      total 37888K, used 37334K [0x00000000f5880000, 0x00000000fa380000, 0x0000000100000000)
  eden space 34816K, 100% used [0x00000000f5880000,0x00000000f7a80000,0x00000000f7a80000)
  from space 3072K, 81% used [0x00000000f7a80000,0x00000000f7cf5980,0x00000000f7d80000)
  to   space 3584K, 0% used [0x00000000fa000000,0x00000000fa000000,0x00000000fa380000)
 ParOldGen       total 20992K, used 4886K [0x00000000e0a00000, 0x00000000e1e80000, 0x00000000f5880000)
  object space 20992K, 23% used [0x00000000e0a00000,0x00000000e0ec5928,0x00000000e1e80000)
 PSPermGen       total 21504K, used 13244K [0x00000000db800000, 0x00000000dcd00000, 0x00000000e0a00000)
  object space 21504K, 61% used [0x00000000db800000,0x00000000dc4ef018,0x00000000dcd00000)
Event: 5,763 GC heap after
Heap after GC invocations=8 (full 0):
 PSYoungGen      total 73216K, used 3016K [0x00000000f5880000, 0x00000000fa380000, 0x0000000100000000)
  eden space 69632K, 0% used [0x00000000f5880000,0x00000000f5880000,0x00000000f9c80000)
  from space 3584K, 84% used [0x00000000fa000000,0x00000000fa2f2350,0x00000000fa380000)
  to   space 3584K, 0% used [0x00000000f9c80000,0x00000000f9c80000,0x00000000fa000000)
 ParOldGen       total 20992K, used 5303K [0x00000000e0a00000, 0x00000000e1e80000, 0x00000000f5880000)
  object space 20992K, 25% used [0x00000000e0a00000,0x00000000e0f2dd68,0x00000000e1e80000)
 PSPermGen       total 21504K, used 13244K [0x00000000db800000, 0x00000000dcd00000, 0x00000000e0a00000)
  object space 21504K, 61% used [0x00000000db800000,0x00000000dc4ef018,0x00000000dcd00000)
}
Event: 6,654 GC heap before
{Heap before GC invocations=9 (full 0):
 PSYoungGen      total 73216K, used 72648K [0x00000000f5880000, 0x00000000fa380000, 0x0000000100000000)
  eden space 69632K, 100% used [0x00000000f5880000,0x00000000f9c80000,0x00000000f9c80000)
  from space 3584K, 84% used [0x00000000fa000000,0x00000000fa2f2350,0x00000000fa380000)
  to   space 3584K, 0% used [0x00000000f9c80000,0x00000000f9c80000,0x00000000fa000000)
 ParOldGen       total 20992K, used 5303K [0x00000000e0a00000, 0x00000000e1e80000, 0x00000000f5880000)
  object space 20992K, 25% used [0x00000000e0a00000,0x00000000e0f2dd68,0x00000000e1e80000)
 PSPermGen       total 21504K, used 13553K [0x00000000db800000, 0x00000000dcd00000, 0x00000000e0a00000)
  object space 21504K, 63% used [0x00000000db800000,0x00000000dc53c528,0x00000000dcd00000)

Deoptimization events (10 events):
Event: 2,121 Thread 0x00007f336c00a800 Uncommon trap: reason=class_check action=maybe_recompile pc=0x00007f3369071830 method=java.util.Properties$LineReader.readLine()I @ 62
Event: 2,134 Thread 0x00007f336c00a800 Uncommon trap: reason=class_check action=maybe_recompile pc=0x00007f3369071830 method=java.util.Properties$LineReader.readLine()I @ 62
Event: 2,614 Thread 0x00007f336c00a800 Uncommon trap: reason=unreached action=reinterpret pc=0x00007f3369087bf0 method=sun.misc.URLClassPath$JarLoader.ensureOpen()V @ 4
Event: 3,510 Thread 0x00007f336c00a800 Uncommon trap: reason=unreached action=reinterpret pc=0x00007f336907b730 method=java.util.HashMap.get(Ljava/lang/Object;)Ljava/lang/Object; @ 1
Event: 4,227 Thread 0x00007f336c00a800 Uncommon trap: reason=bimorphic action=maybe_recompile pc=0x00007f33690aa5e8 method=com.sun.org.apache.xml.internal.dtm.ref.dom2dtm.DOM2DTM.nextNode()Z @ 41
Event: 4,229 Thread 0x00007f336c00a800 Uncommon trap: reason=bimorphic action=maybe_recompile pc=0x00007f33690aa5e8 method=com.sun.org.apache.xml.internal.dtm.ref.dom2dtm.DOM2DTM.nextNode()Z @ 41
Event: 4,236 Thread 0x00007f336c00a800 Uncommon trap: reason=bimorphic action=maybe_recompile pc=0x00007f33690aa5e8 method=com.sun.org.apache.xml.internal.dtm.ref.dom2dtm.DOM2DTM.nextNode()Z @ 41
Event: 4,236 Thread 0x00007f336c00a800 Uncommon trap: reason=bimorphic action=maybe_recompile pc=0x00007f33690aa5e8 method=com.sun.org.apache.xml.internal.dtm.ref.dom2dtm.DOM2DTM.nextNode()Z @ 41
Event: 4,740 Thread 0x00007f336c00a800 Uncommon trap: reason=unreached action=reinterpret pc=0x00007f33690c1bd0 method=com.sun.org.apache.xerces.internal.dom.ParentNode.nodeListGetLength()I @ 11
Event: 4,740 Thread 0x00007f336c00a800 Uncommon trap: reason=unreached action=reinterpret pc=0x00007f33690ad110 method=com.sun.org.apache.xerces.internal.dom.ParentNode.nodeListGetLength()I @ 11

Internal exceptions (10 events):
Event: 6,297 Thread 0x00007f336c00a800 Threw 0x00000000f8745188 at /HUDSON/workspace/7u-2-build-linux-amd64/jdk7u65/1224/hotspot/src/share/vm/prims/jvm.cpp:1244
Event: 6,448 Thread 0x00007f336c00a800 Threw 0x00000000f8d6ad90 at /HUDSON/workspace/7u-2-build-linux-amd64/jdk7u65/1224/hotspot/src/share/vm/prims/jvm.cpp:1244
Event: 6,456 Thread 0x00007f336c00a800 Threw 0x00000000f8d70588 at /HUDSON/workspace/7u-2-build-linux-amd64/jdk7u65/1224/hotspot/src/share/vm/prims/jvm.cpp:1244
Event: 6,458 Thread 0x00007f336c00a800 Threw 0x00000000f8d74d70 at /HUDSON/workspace/7u-2-build-linux-amd64/jdk7u65/1224/hotspot/src/share/vm/prims/jvm.cpp:1244
Event: 6,501 Thread 0x00007f336c00a800 Threw 0x00000000f8f78b60 at /HUDSON/workspace/7u-2-build-linux-amd64/jdk7u65/1224/hotspot/src/share/vm/prims/jvm.cpp:1244
Event: 6,502 Thread 0x00007f336c00a800 Threw 0x00000000f8f7eca8 at /HUDSON/workspace/7u-2-build-linux-amd64/jdk7u65/1224/hotspot/src/share/vm/prims/jvm.cpp:1244
Event: 6,613 Thread 0x00007f336c00a800 Threw 0x00000000f9811ec0 at /HUDSON/workspace/7u-2-build-linux-amd64/jdk7u65/1224/hotspot/src/share/vm/prims/jvm.cpp:1244
Event: 6,615 Thread 0x00007f336c00a800 Threw 0x00000000f98172a0 at /HUDSON/workspace/7u-2-build-linux-amd64/jdk7u65/1224/hotspot/src/share/vm/prims/jvm.cpp:1244
Event: 6,617 Thread 0x00007f336c00a800 Threw 0x00000000f981d430 at /HUDSON/workspace/7u-2-build-linux-amd64/jdk7u65/1224/hotspot/src/share/vm/prims/jvm.cpp:1244
Event: 6,635 Thread 0x00007f336c00a800 Threw 0x00000000f9a6ffb8 at /HUDSON/workspace/7u-2-build-linux-amd64/jdk7u65/1224/hotspot/src/share/vm/prims/jvm.cpp:1244

Events (10 events):
Event: 6,502 loading class 0x00007f336c1b0570 done
Event: 6,613 loading class 0x00007f336c237e80
Event: 6,613 loading class 0x00007f336c237e80 done
Event: 6,615 loading class 0x00007f336c237fa0
Event: 6,615 loading class 0x00007f336c237fa0 done
Event: 6,616 loading class 0x00007f336c3e7630
Event: 6,617 loading class 0x00007f336c3e7630 done
Event: 6,635 loading class 0x00007f336c0dc740
Event: 6,635 loading class 0x00007f336c0dc740 done
Event: 6,653 Executing VM operation: ParallelGCFailedAllocation


Dynamic libraries:
00400000-00401000 r-xp 00000000 08:01 44891                              /usr/local/jdk/jdk1.7.0_65/bin/java
00600000-00601000 rw-p 00000000 08:01 44891                              /usr/local/jdk/jdk1.7.0_65/bin/java
007fd000-0081e000 rw-p 00000000 00:00 0                                  [heap]
db800000-dcd00000 rw-p 00000000 00:00 0 
dcd00000-e0a00000 rw-p 00000000 00:00 0 
e0a00000-e1e80000 rw-p 00000000 00:00 0 
e1e80000-f5880000 rw-p 00000000 00:00 0 
f5880000-fa380000 rw-p 00000000 00:00 0 
fce80000-100000000 rw-p 00000000 00:00 0 
7f333c000000-7f333c021000 rw-p 00000000 00:00 0 
7f333c021000-7f3340000000 ---p 00000000 00:00 0 
7f3340000000-7f3340021000 rw-p 00000000 00:00 0 
7f3340021000-7f3344000000 ---p 00000000 00:00 0 
7f3344000000-7f3344697000 rw-p 00000000 00:00 0 
7f3344697000-7f3348000000 ---p 00000000 00:00 0 
7f3348000000-7f33487d2000 rw-p 00000000 00:00 0 
7f33487d2000-7f334c000000 ---p 00000000 00:00 0 
7f334c000000-7f334c021000 rw-p 00000000 00:00 0 
7f334c021000-7f3350000000 ---p 00000000 00:00 0 
7f3350000000-7f3350021000 rw-p 00000000 00:00 0 
7f3350021000-7f3354000000 ---p 00000000 00:00 0 
7f3354000000-7f335410c000 rw-p 00000000 00:00 0 
7f335410c000-7f3358000000 ---p 00000000 00:00 0 
7f3358000000-7f3358021000 rw-p 00000000 00:00 0 
7f3358021000-7f335c000000 ---p 00000000 00:00 0 
7f335c000000-7f335c021000 rw-p 00000000 00:00 0 
7f335c021000-7f3360000000 ---p 00000000 00:00 0 
7f3361562000-7f33616ce000 rw-p 00000000 00:00 0 
7f33616ce000-7f33616d5000 r--s 00000000 08:01 266727                     /usr/lib/x86_64-linux-gnu/gconv/gconv-modules.cache
7f33616d5000-7f33616f8000 r--p 00000000 08:01 28864                      /usr/share/locale-langpack/sv/LC_MESSAGES/libc.mo
7f33616f8000-7f33616fc000 r--s 0008a000 08:01 50812                      /usr/local/jdk/jdk1.7.0_65/jre/lib/jsse.jar
7f33616fc000-7f3361706000 r--s 00251000 08:01 50741                      /usr/local/jdk/jdk1.7.0_65/jre/lib/resources.jar
7f3361706000-7f336171c000 r-xp 00000000 08:01 50629                      /usr/local/jdk/jdk1.7.0_65/jre/lib/amd64/libnet.so
7f336171c000-7f336191c000 ---p 00016000 08:01 50629                      /usr/local/jdk/jdk1.7.0_65/jre/lib/amd64/libnet.so
7f336191c000-7f336191d000 rw-p 00016000 08:01 50629                      /usr/local/jdk/jdk1.7.0_65/jre/lib/amd64/libnet.so
7f336191d000-7f336192d000 r-xp 00000000 08:01 50669                      /usr/local/jdk/jdk1.7.0_65/jre/lib/amd64/libnio.so
7f336192d000-7f3361b2d000 ---p 00010000 08:01 50669                      /usr/local/jdk/jdk1.7.0_65/jre/lib/amd64/libnio.so
7f3361b2d000-7f3361b2e000 rw-p 00010000 08:01 50669                      /usr/local/jdk/jdk1.7.0_65/jre/lib/amd64/libnio.so
7f3361b2e000-7f3361b30000 r--s 00014000 08:01 535577                     /home/jonas/.m2/repository/asg/cliche/asg-cli/1.0/asg-cli-1.0.jar
7f3361b30000-7f3361b3e000 r--s 0018e000 08:01 535396                     /home/jonas/.m2/repository/com/h2database/h2/1.4.181/h2-1.4.181.jar
7f3361b3e000-7f3361b40000 r--s 00003000 08:01 535091                     /home/jonas/.m2/repository/org/slf4j/jcl-over-slf4j/1.7.6/jcl-over-slf4j-1.7.6.jar
7f3361b40000-7f3361b42000 r--s 00006000 08:01 535090                     /home/jonas/.m2/repository/org/slf4j/slf4j-api/1.7.6/slf4j-api-1.7.6.jar
7f3361b42000-7f3361b52000 r--s 0007c000 08:01 535089                     /home/jonas/.m2/repository/joda-time/joda-time/2.1/joda-time-2.1.jar
7f3361b52000-7f3361b54000 r--s 0000e000 08:01 658453                     /home/jonas/.m2/repository/commons-logging/commons-logging/1.1.3/commons-logging-1.1.3.jar
7f3361b54000-7f3361b68000 r--s 000db000 08:01 658451                     /home/jonas/.m2/repository/org/springframework/spring-core/4.0.6.RELEASE/spring-core-4.0.6.RELEASE.jar
7f3361b68000-7f3361b74000 r--s 00098000 08:01 658450                     /home/jonas/.m2/repository/org/springframework/spring-beans/4.0.6.RELEASE/spring-beans-4.0.6.RELEASE.jar
7f3361b74000-7f3361b75000 ---p 00000000 00:00 0 
7f3361b75000-7f3361c75000 rw-p 00000000 00:00 0                          [stack:17180]
7f3361c75000-7f3361c78000 ---p 00000000 00:00 0 
7f3361c78000-7f3361d76000 rw-p 00000000 00:00 0                          [stack:17179]
7f3361d76000-7f3361d79000 ---p 00000000 00:00 0 
7f3361d79000-7f3361e77000 rw-p 00000000 00:00 0                          [stack:17178]
7f3361e77000-7f3361e7a000 ---p 00000000 00:00 0 
7f3361e7a000-7f3361f78000 rw-p 00000000 00:00 0                          [stack:17177]
7f3361f78000-7f3361f7b000 ---p 00000000 00:00 0 
7f3361f7b000-7f3362079000 rw-p 00000000 00:00 0                          [stack:17176]
7f3362079000-7f33629bc000 r--p 00000000 08:01 137458                     /usr/lib/locale/locale-archive
7f33629bc000-7f33629bf000 ---p 00000000 00:00 0 
7f33629bf000-7f3362abd000 rw-p 00000000 00:00 0                          [stack:17175]
7f3362abd000-7f3362ac0000 ---p 00000000 00:00 0 
7f3362ac0000-7f3362bbe000 rw-p 00000000 00:00 0                          [stack:17174]
7f3362bbe000-7f3362bbf000 ---p 00000000 00:00 0 
7f3362bbf000-7f3364000000 rw-p 00000000 00:00 0                          [stack:17173]
7f3364000000-7f3364021000 rw-p 00000000 00:00 0 
7f3364021000-7f3368000000 ---p 00000000 00:00 0 
7f3368001000-7f336800e000 r--s 000a2000 08:01 535085                     /home/jonas/.m2/repository/org/mybatis/mybatis/3.2.5/mybatis-3.2.5.jar
7f336800e000-7f3368015000 r--s 0005e000 08:01 535084                     /home/jonas/.m2/repository/org/apache/commons/commons-lang3/3.3.2/commons-lang3-3.3.2.jar
7f3368015000-7f336801c000 r--s 00067000 08:01 535083                     /home/jonas/.m2/repository/javax/mail/mail/1.4.1/mail-1.4.1.jar
7f336801c000-7f336803f000 r--s 00162000 08:01 535065                     /home/jonas/.m2/repository/org/activiti/activiti-engine/5.16/activiti-engine-5.16.jar
7f336803f000-7f33688d4000 rw-p 00000000 00:00 0 
7f33688d4000-7f3368a93000 r--s 039e5000 08:01 50799                      /usr/local/jdk/jdk1.7.0_65/jre/lib/rt.jar
7f3368a93000-7f3368cb0000 rw-p 00000000 00:00 0 
7f3368cb0000-7f3368cb1000 ---p 00000000 00:00 0 
7f3368cb1000-7f3368db1000 rw-p 00000000 00:00 0                          [stack:17172]
7f3368db1000-7f3368db2000 ---p 00000000 00:00 0 
7f3368db2000-7f3368ebd000 rw-p 00000000 00:00 0                          [stack:17171]
7f3368ebd000-7f3368edb000 rw-p 00000000 00:00 0 
7f3368edb000-7f3368ee6000 rw-p 00000000 00:00 0 
7f3368ee6000-7f3368f04000 rw-p 00000000 00:00 0 
7f3368f04000-7f3368f0f000 rw-p 00000000 00:00 0 
7f3368f0f000-7f3368fab000 rw-p 00000000 00:00 0 
7f3368fab000-7f3368fd1000 rw-p 00000000 00:00 0 
7f3368fd1000-7f3368fff000 rw-p 00000000 00:00 0 
7f3368fff000-7f3369000000 rw-p 00000000 00:00 0 
7f3369000000-7f3369270000 rwxp 00000000 00:00 0 
7f3369270000-7f336c419000 rw-p 00000000 00:00 0 
7f336c419000-7f3370000000 ---p 00000000 00:00 0 
7f3370000000-7f3370001000 rw-p 00000000 00:00 0 
7f3370001000-7f3370003000 r--s 0000e000 08:01 524640                     /home/jonas/.m2/repository/javax/activation/activation/1.1/activation-1.1.jar
7f3370003000-7f3370004000 r--s 00007000 08:01 535079                     /home/jonas/.m2/repository/org/apache/commons/commons-email/1.2/commons-email-1.2.jar
7f3370004000-7f3370006000 r--s 0000f000 08:01 535078                     /home/jonas/.m2/repository/org/activiti/activiti-image-generator/5.16/activiti-image-generator-5.16.jar
7f3370006000-7f3370032000 rw-p 00000000 00:00 0 
7f3370032000-7f33700cf000 rw-p 00000000 00:00 0 
7f33700cf000-7f33700e9000 r-xp 00000000 08:01 50683                      /usr/local/jdk/jdk1.7.0_65/jre/lib/amd64/libzip.so
7f33700e9000-7f33702e9000 ---p 0001a000 08:01 50683                      /usr/local/jdk/jdk1.7.0_65/jre/lib/amd64/libzip.so
7f33702e9000-7f33702ea000 rw-p 0001a000 08:01 50683                      /usr/local/jdk/jdk1.7.0_65/jre/lib/amd64/libzip.so
7f33702ea000-7f33702f5000 r-xp 00000000 08:01 6002                       /lib/x86_64-linux-gnu/libnss_files-2.19.so
7f33702f5000-7f33704f4000 ---p 0000b000 08:01 6002                       /lib/x86_64-linux-gnu/libnss_files-2.19.so
7f33704f4000-7f33704f5000 r--p 0000a000 08:01 6002                       /lib/x86_64-linux-gnu/libnss_files-2.19.so
7f33704f5000-7f33704f6000 rw-p 0000b000 08:01 6002                       /lib/x86_64-linux-gnu/libnss_files-2.19.so
7f33704f6000-7f3370501000 r-xp 00000000 08:01 6012                       /lib/x86_64-linux-gnu/libnss_nis-2.19.so
7f3370501000-7f3370700000 ---p 0000b000 08:01 6012                       /lib/x86_64-linux-gnu/libnss_nis-2.19.so
7f3370700000-7f3370701000 r--p 0000a000 08:01 6012                       /lib/x86_64-linux-gnu/libnss_nis-2.19.so
7f3370701000-7f3370702000 rw-p 0000b000 08:01 6012                       /lib/x86_64-linux-gnu/libnss_nis-2.19.so
7f3370702000-7f3370719000 r-xp 00000000 08:01 5996                       /lib/x86_64-linux-gnu/libnsl-2.19.so
7f3370719000-7f3370918000 ---p 00017000 08:01 5996                       /lib/x86_64-linux-gnu/libnsl-2.19.so
7f3370918000-7f3370919000 r--p 00016000 08:01 5996                       /lib/x86_64-linux-gnu/libnsl-2.19.so
7f3370919000-7f337091a000 rw-p 00017000 08:01 5996                       /lib/x86_64-linux-gnu/libnsl-2.19.so
7f337091a000-7f337091c000 rw-p 00000000 00:00 0 
7f337091c000-7f3370925000 r-xp 00000000 08:01 5998                       /lib/x86_64-linux-gnu/libnss_compat-2.19.so
7f3370925000-7f3370b24000 ---p 00009000 08:01 5998                       /lib/x86_64-linux-gnu/libnss_compat-2.19.so
7f3370b24000-7f3370b25000 r--p 00008000 08:01 5998                       /lib/x86_64-linux-gnu/libnss_compat-2.19.so
7f3370b25000-7f3370b26000 rw-p 00009000 08:01 5998                       /lib/x86_64-linux-gnu/libnss_compat-2.19.so
7f3370b26000-7f3370b4f000 r-xp 00000000 08:01 50666                      /usr/local/jdk/jdk1.7.0_65/jre/lib/amd64/libjava.so
7f3370b4f000-7f3370d4f000 ---p 00029000 08:01 50666                      /usr/local/jdk/jdk1.7.0_65/jre/lib/amd64/libjava.so
7f3370d4f000-7f3370d51000 rw-p 00029000 08:01 50666                      /usr/local/jdk/jdk1.7.0_65/jre/lib/amd64/libjava.so
7f3370d51000-7f3370d5e000 r-xp 00000000 08:01 50628                      /usr/local/jdk/jdk1.7.0_65/jre/lib/amd64/libverify.so
7f3370d5e000-7f3370f5d000 ---p 0000d000 08:01 50628                      /usr/local/jdk/jdk1.7.0_65/jre/lib/amd64/libverify.so
7f3370f5d000-7f3370f5f000 rw-p 0000c000 08:01 50628                      /usr/local/jdk/jdk1.7.0_65/jre/lib/amd64/libverify.so
7f3370f5f000-7f3370f66000 r-xp 00000000 08:01 6055                       /lib/x86_64-linux-gnu/librt-2.19.so
7f3370f66000-7f3371165000 ---p 00007000 08:01 6055                       /lib/x86_64-linux-gnu/librt-2.19.so
7f3371165000-7f3371166000 r--p 00006000 08:01 6055                       /lib/x86_64-linux-gnu/librt-2.19.so
7f3371166000-7f3371167000 rw-p 00007000 08:01 6055                       /lib/x86_64-linux-gnu/librt-2.19.so
7f3371167000-7f337126c000 r-xp 00000000 08:01 5977                       /lib/x86_64-linux-gnu/libm-2.19.so
7f337126c000-7f337146b000 ---p 00105000 08:01 5977                       /lib/x86_64-linux-gnu/libm-2.19.so
7f337146b000-7f337146c000 r--p 00104000 08:01 5977                       /lib/x86_64-linux-gnu/libm-2.19.so
7f337146c000-7f337146d000 rw-p 00105000 08:01 5977                       /lib/x86_64-linux-gnu/libm-2.19.so
7f337146d000-7f3371fdd000 r-xp 00000000 08:01 50642                      /usr/local/jdk/jdk1.7.0_65/jre/lib/amd64/server/libjvm.so
7f3371fdd000-7f33721dc000 ---p 00b70000 08:01 50642                      /usr/local/jdk/jdk1.7.0_65/jre/lib/amd64/server/libjvm.so
7f33721dc000-7f33722a1000 rw-p 00b6f000 08:01 50642                      /usr/local/jdk/jdk1.7.0_65/jre/lib/amd64/server/libjvm.so
7f33722a1000-7f33722e1000 rw-p 00000000 00:00 0 
7f33722e1000-7f337249d000 r-xp 00000000 08:01 5927                       /lib/x86_64-linux-gnu/libc-2.19.so
7f337249d000-7f337269c000 ---p 001bc000 08:01 5927                       /lib/x86_64-linux-gnu/libc-2.19.so
7f337269c000-7f33726a0000 r--p 001bb000 08:01 5927                       /lib/x86_64-linux-gnu/libc-2.19.so
7f33726a0000-7f33726a2000 rw-p 001bf000 08:01 5927                       /lib/x86_64-linux-gnu/libc-2.19.so
7f33726a2000-7f33726a7000 rw-p 00000000 00:00 0 
7f33726a7000-7f33726aa000 r-xp 00000000 08:01 5944                       /lib/x86_64-linux-gnu/libdl-2.19.so
7f33726aa000-7f33728a9000 ---p 00003000 08:01 5944                       /lib/x86_64-linux-gnu/libdl-2.19.so
7f33728a9000-7f33728aa000 r--p 00002000 08:01 5944                       /lib/x86_64-linux-gnu/libdl-2.19.so
7f33728aa000-7f33728ab000 rw-p 00003000 08:01 5944                       /lib/x86_64-linux-gnu/libdl-2.19.so
7f33728ab000-7f33728c1000 r-xp 00000000 08:01 24575                      /usr/local/jdk/jdk1.7.0_65/lib/amd64/jli/libjli.so
7f33728c1000-7f3372ac1000 ---p 00016000 08:01 24575                      /usr/local/jdk/jdk1.7.0_65/lib/amd64/jli/libjli.so
7f3372ac1000-7f3372ac2000 rw-p 00016000 08:01 24575                      /usr/local/jdk/jdk1.7.0_65/lib/amd64/jli/libjli.so
7f3372ac2000-7f3372adb000 r-xp 00000000 08:01 6047                       /lib/x86_64-linux-gnu/libpthread-2.19.so
7f3372adb000-7f3372cda000 ---p 00019000 08:01 6047                       /lib/x86_64-linux-gnu/libpthread-2.19.so
7f3372cda000-7f3372cdb000 r--p 00018000 08:01 6047                       /lib/x86_64-linux-gnu/libpthread-2.19.so
7f3372cdb000-7f3372cdc000 rw-p 00019000 08:01 6047                       /lib/x86_64-linux-gnu/libpthread-2.19.so
7f3372cdc000-7f3372ce0000 rw-p 00000000 00:00 0 
7f3372ce0000-7f3372d03000 r-xp 00000000 08:01 5903                       /lib/x86_64-linux-gnu/ld-2.19.so
7f3372d03000-7f3372d06000 r--s 0000b000 08:01 535076                     /home/jonas/.m2/repository/org/activiti/activiti-process-validation/5.16/activiti-process-validation-5.16.jar
7f3372d06000-7f3372d09000 r--s 00006000 08:01 535074                     /home/jonas/.m2/repository/com/fasterxml/jackson/core/jackson-annotations/2.2.3/jackson-annotations-2.2.3.jar
7f3372d09000-7f3372d1a000 r--s 000c3000 08:01 535069                     /home/jonas/.m2/repository/com/fasterxml/jackson/core/jackson-databind/2.2.3/jackson-databind-2.2.3.jar
7f3372d1a000-7f3372d1e000 r--s 0002c000 08:01 535066                     /home/jonas/.m2/repository/com/fasterxml/jackson/core/jackson-core/2.2.3/jackson-core-2.2.3.jar
7f3372d1e000-7f3372d22000 r--s 00027000 08:01 535067                     /home/jonas/.m2/repository/org/activiti/activiti-bpmn-converter/5.16/activiti-bpmn-converter-5.16.jar
7f3372d22000-7f3372d2c000 rw-p 00000000 00:00 0 
7f3372d2c000-7f3372de2000 rw-p 00000000 00:00 0 
7f3372de2000-7f3372de5000 ---p 00000000 00:00 0 
7f3372de5000-7f3372ee7000 rw-p 00000000 00:00 0                          [stack:17170]
7f3372ee7000-7f3372eea000 r--s 00014000 08:01 535070                     /home/jonas/.m2/repository/org/activiti/activiti-bpmn-model/5.16/activiti-bpmn-model-5.16.jar
7f3372eea000-7f3372ef6000 rw-p 00000000 00:00 0 
7f3372ef6000-7f3372efe000 rw-s 00000000 08:01 415063                     /tmp/hsperfdata_jonas/17166
7f3372efe000-7f3372eff000 rw-p 00000000 00:00 0 
7f3372eff000-7f3372f00000 ---p 00000000 00:00 0 
7f3372f00000-7f3372f02000 rw-p 00000000 00:00 0 
7f3372f02000-7f3372f03000 r--p 00022000 08:01 5903                       /lib/x86_64-linux-gnu/ld-2.19.so
7f3372f03000-7f3372f04000 rw-p 00023000 08:01 5903                       /lib/x86_64-linux-gnu/ld-2.19.so
7f3372f04000-7f3372f05000 rw-p 00000000 00:00 0 
7fff0e16a000-7fff0e18c000 rw-p 00000000 00:00 0                          [stack]
7fff0e1b5000-7fff0e1b7000 r-xp 00000000 00:00 0                          [vdso]
ffffffffff600000-ffffffffff601000 r-xp 00000000 00:00 0                  [vsyscall]

VM Arguments:
java_command: se.home.arande.App
Launcher Type: SUN_STANDARD

Environment Variables:
JAVA_HOME=/usr/local/jdk/current
PATH=/usr/local/sbin:/usr/local/bin:/usr/sbin:/usr/bin:/sbin:/bin:/usr/games:/usr/local/games
LD_LIBRARY_PATH=/usr/local/jdk/current/jre/lib/amd64:/usr/local/jdk/current/jre/lib/i386:/usr/lib32
SHELL=/bin/bash
DISPLAY=:0.0

Signal Handlers:
SIGSEGV: [libjvm.so+0x99f4a0], sa_mask[0]=0x7ffbfeff, sa_flags=0x10000004
SIGBUS: [libjvm.so+0x99f4a0], sa_mask[0]=0x7ffbfeff, sa_flags=0x10000004
SIGFPE: [libjvm.so+0x81a860], sa_mask[0]=0x7ffbfeff, sa_flags=0x10000004
SIGPIPE: [libjvm.so+0x81a860], sa_mask[0]=0x7ffbfeff, sa_flags=0x10000004
SIGXFSZ: [libjvm.so+0x81a860], sa_mask[0]=0x7ffbfeff, sa_flags=0x10000004
SIGILL: [libjvm.so+0x81a860], sa_mask[0]=0x7ffbfeff, sa_flags=0x10000004
SIGUSR1: SIG_DFL, sa_mask[0]=0x00000000, sa_flags=0x00000000
SIGUSR2: [libjvm.so+0x81c060], sa_mask[0]=0x00000004, sa_flags=0x10000004
SIGHUP: [libjvm.so+0x81d160], sa_mask[0]=0x7ffbfeff, sa_flags=0x10000004
SIGINT: SIG_IGN, sa_mask[0]=0x00000000, sa_flags=0x00000000
SIGTERM: [libjvm.so+0x81d160], sa_mask[0]=0x7ffbfeff, sa_flags=0x10000004
SIGQUIT: [libjvm.so+0x81d160], sa_mask[0]=0x7ffbfeff, sa_flags=0x10000004


---------------  S Y S T E M  ---------------

OS:jessie/sid

uname:Linux 3.13.0-24-generic #47-Ubuntu SMP Fri May 2 23:30:00 UTC 2014 x86_64
libc:glibc 2.19 NPTL 2.19 
rlimit: STACK 8192k, CORE 0k, NPROC 15847, NOFILE 4096, AS infinity
load average:1,32 0,90 0,92

/proc/meminfo:
MemTotal:        2049988 kB
MemFree:           73836 kB
Buffers:             580 kB
Cached:            71236 kB
SwapCached:            0 kB
Active:          1801240 kB
Inactive:          60232 kB
Active(anon):    1790932 kB
Inactive(anon):    48468 kB
Active(file):      10308 kB
Inactive(file):    11764 kB
Unevictable:          64 kB
Mlocked:              64 kB
SwapTotal:             0 kB
SwapFree:              0 kB
Dirty:                24 kB
Writeback:             0 kB
AnonPages:       1789692 kB
Mapped:            64620 kB
Shmem:             49784 kB
Slab:              40148 kB
SReclaimable:      18092 kB
SUnreclaim:        22056 kB
KernelStack:        3648 kB
PageTables:        33712 kB
NFS_Unstable:          0 kB
Bounce:                0 kB
WritebackTmp:          0 kB
CommitLimit:     1024992 kB
Committed_AS:    4465716 kB
VmallocTotal:   34359738367 kB
VmallocUsed:       26216 kB
VmallocChunk:   34359708263 kB
HardwareCorrupted:     0 kB
AnonHugePages:    299008 kB
HugePages_Total:       0
HugePages_Free:        0
HugePages_Rsvd:        0
HugePages_Surp:        0
Hugepagesize:       2048 kB
DirectMap4k:       40896 kB
DirectMap2M:     2056192 kB


CPU:total 2 (2 cores per cpu, 1 threads per core) family 18 model 1 stepping 0, cmov, cx8, fxsr, mmx, sse, sse2, sse3, 3dnowpref, tsc

/proc/cpuinfo:
processor	: 0
vendor_id	: AuthenticAMD
cpu family	: 18
model		: 1
model name	: AMD A8-3870 APU with Radeon(tm) HD Graphics
stepping	: 0
microcode	: 0x6000626
cpu MHz		: 2928.448
cache size	: 1024 KB
physical id	: 0
siblings	: 2
core id		: 0
cpu cores	: 2
apicid		: 0
initial apicid	: 0
fpu		: yes
fpu_exception	: yes
cpuid level	: 5
wp		: yes
flags		: fpu vme de pse tsc msr pae mce cx8 apic sep mtrr pge mca cmov pat pse36 clflush mmx fxsr sse sse2 ht syscall nx fxsr_opt rdtscp lm 3dnowext 3dnow rep_good nopl extd_apicid pni lahf_lm cmp_legacy cr8_legacy arat
bogomips	: 5856.89
TLB size	: 1536 4K pages
clflush size	: 64
cache_alignment	: 64
address sizes	: 40 bits physical, 48 bits virtual
power management:

processor	: 1
vendor_id	: AuthenticAMD
cpu family	: 18
model		: 1
model name	: AMD A8-3870 APU with Radeon(tm) HD Graphics
stepping	: 0
microcode	: 0x6000626
cpu MHz		: 2928.448
cache size	: 1024 KB
physical id	: 0
siblings	: 2
core id		: 1
cpu cores	: 2
apicid		: 1
initial apicid	: 1
fpu		: yes
fpu_exception	: yes
cpuid level	: 5
wp		: yes
flags		: fpu vme de pse tsc msr pae mce cx8 apic sep mtrr pge mca cmov pat pse36 clflush mmx fxsr sse sse2 ht syscall nx fxsr_opt rdtscp lm 3dnowext 3dnow rep_good nopl extd_apicid pni lahf_lm cmp_legacy cr8_legacy arat
bogomips	: 5797.43
TLB size	: 1536 4K pages
clflush size	: 64
cache_alignment	: 64
address sizes	: 40 bits physical, 48 bits virtual
power management:



Memory: 4k page, physical 2049988k(73836k free), swap 0k(0k free)

vm_info: Java HotSpot(TM) 64-Bit Server VM (24.65-b04) for linux-amd64 JRE (1.7.0_65-b17), built on Jun 16 2014 20:55:34 by "java_re" with gcc 4.3.0 20080428 (Red Hat 4.3.0-8)

time: Sun Sep 21 08:41:42 2014
elapsed time: 6 seconds

